14-Nov-2022 10:25:40.340 INFO [main] org.apache.catalina.startup.VersionLoggerListener.log Nombre de la versión del servidor: Apache Tomcat/9.0.41
14-Nov-2022 10:25:40.340 INFO [main] org.apache.catalina.startup.VersionLoggerListener.log Server built:                      Dec 3 2020 11:43:00 UTC
14-Nov-2022 10:25:40.340 INFO [main] org.apache.catalina.startup.VersionLoggerListener.log Número de versión de servidor:     9.0.41.0
14-Nov-2022 10:25:40.340 INFO [main] org.apache.catalina.startup.VersionLoggerListener.log OS Name:                           Windows 7
14-Nov-2022 10:25:40.340 INFO [main] org.apache.catalina.startup.VersionLoggerListener.log Versión de Systema Operativo:      6.1
14-Nov-2022 10:25:40.340 INFO [main] org.apache.catalina.startup.VersionLoggerListener.log Arquitectura:                      amd64
14-Nov-2022 10:25:40.340 INFO [main] org.apache.catalina.startup.VersionLoggerListener.log Java Home:                         C:\Program Files\Java\jdk-13
14-Nov-2022 10:25:40.340 INFO [main] org.apache.catalina.startup.VersionLoggerListener.log JVM Version:                       13+33
14-Nov-2022 10:25:40.340 INFO [main] org.apache.catalina.startup.VersionLoggerListener.log Vededor JVM:                       Oracle Corporation
14-Nov-2022 10:25:40.340 INFO [main] org.apache.catalina.startup.VersionLoggerListener.log CATALINA_BASE:                     C:\Users\localuser\Desktop\ventasPc\dependencias\apache-tomcat-9.0.41
14-Nov-2022 10:25:40.340 INFO [main] org.apache.catalina.startup.VersionLoggerListener.log CATALINA_HOME:                     C:\Users\localuser\Desktop\ventasPc\dependencias\apache-tomcat-9.0.41
14-Nov-2022 10:25:40.420 INFO [main] org.apache.catalina.startup.VersionLoggerListener.log Command line argument:             --add-opens=java.base/java.lang=ALL-UNNAMED
14-Nov-2022 10:25:40.420 INFO [main] org.apache.catalina.startup.VersionLoggerListener.log Command line argument:             --add-opens=java.base/java.io=ALL-UNNAMED
14-Nov-2022 10:25:40.420 INFO [main] org.apache.catalina.startup.VersionLoggerListener.log Command line argument:             --add-opens=java.rmi/sun.rmi.transport=ALL-UNNAMED
14-Nov-2022 10:25:40.420 INFO [main] org.apache.catalina.startup.VersionLoggerListener.log Command line argument:             -Djava.util.logging.config.file=C:\Users\localuser\Desktop\ventasPc\dependencias\apache-tomcat-9.0.41\conf\logging.properties
14-Nov-2022 10:25:40.420 INFO [main] org.apache.catalina.startup.VersionLoggerListener.log Command line argument:             -Djava.util.logging.manager=org.apache.juli.ClassLoaderLogManager
14-Nov-2022 10:25:40.420 INFO [main] org.apache.catalina.startup.VersionLoggerListener.log Command line argument:             -Dhttp.nonProxyHosts=localhost|127.0.0.1|CS06
14-Nov-2022 10:25:40.420 INFO [main] org.apache.catalina.startup.VersionLoggerListener.log Command line argument:             -Djdk.tls.ephemeralDHKeySize=2048
14-Nov-2022 10:25:40.420 INFO [main] org.apache.catalina.startup.VersionLoggerListener.log Command line argument:             -Djava.protocol.handler.pkgs=org.apache.catalina.webresources
14-Nov-2022 10:25:40.420 INFO [main] org.apache.catalina.startup.VersionLoggerListener.log Command line argument:             -Dignore.endorsed.dirs=
14-Nov-2022 10:25:40.420 INFO [main] org.apache.catalina.startup.VersionLoggerListener.log Command line argument:             -Dcatalina.base=C:\Users\localuser\Desktop\ventasPc\dependencias\apache-tomcat-9.0.41
14-Nov-2022 10:25:40.420 INFO [main] org.apache.catalina.startup.VersionLoggerListener.log Command line argument:             -Dcatalina.home=C:\Users\localuser\Desktop\ventasPc\dependencias\apache-tomcat-9.0.41
14-Nov-2022 10:25:40.420 INFO [main] org.apache.catalina.startup.VersionLoggerListener.log Command line argument:             -Djava.io.tmpdir=C:\Users\localuser\Desktop\ventasPc\dependencias\apache-tomcat-9.0.41\temp
14-Nov-2022 10:25:40.545 INFO [main] org.apache.catalina.core.AprLifecycleListener.lifecycleEvent Cargada la biblioteca nativa APR de Apache Tomcat [1.2.25] con la versión APR [1.7.0].
14-Nov-2022 10:25:40.545 INFO [main] org.apache.catalina.core.AprLifecycleListener.lifecycleEvent Capacidades APR: IPv6 [true], enviar fichero [true], aceptar filtros [false], aleatorio [true].
14-Nov-2022 10:25:40.545 INFO [main] org.apache.catalina.core.AprLifecycleListener.lifecycleEvent APR/OpenSSL configuration: useAprConnector [false], useOpenSSL [true]
14-Nov-2022 10:25:40.827 INFO [main] org.apache.catalina.core.AprLifecycleListener.initializeSSL OpenSSL inicializado correctamente [OpenSSL 1.1.1g  21 Apr 2020]
14-Nov-2022 10:25:41.155 INFO [main] org.apache.coyote.AbstractProtocol.init Inicializando el manejador de protocolo ["http-nio-8089"]

14-Nov-2022 10:25:41.439 INFO [main] org.apache.catalina.startup.Catalina.load Server initialization in [1366] milliseconds
14-Nov-2022 10:25:41.496 INFO [main] org.apache.catalina.core.StandardService.startInternal Arrancando servicio [Catalina]
14-Nov-2022 10:25:41.496 INFO [main] org.apache.catalina.core.StandardEngine.startInternal Starting Servlet engine: [Apache Tomcat/9.0.41]
14-Nov-2022 10:25:41.502 INFO [main] org.apache.catalina.startup.HostConfig.deployDescriptor Desplieque del descriptor de configuración [C:\Users\localuser\Desktop\ventasPc\dependencias\apache-tomcat-9.0.41\conf\Catalina\localhost\PWBD2.xml]
14-Nov-2022 10:25:41.518 WARNING [main] org.apache.catalina.startup.HostConfig.deployDescriptor The path attribute with value [/PWBD2] in deployment descriptor [C:\Users\localuser\Desktop\ventasPc\dependencias\apache-tomcat-9.0.41\conf\Catalina\localhost\PWBD2.xml] has been ignored
14-Nov-2022 10:25:41.562 SEVERE [main] org.apache.catalina.startup.HostConfig.deployDescriptor Error durante el despliegue del descriptor de configuración [C:\Users\localuser\Desktop\ventasPc\dependencias\apache-tomcat-9.0.41\conf\Catalina\localhost\PWBD2.xml]
	java.lang.IllegalStateException: Error starting child
		at org.apache.catalina.core.ContainerBase.addChildInternal(ContainerBase.java:720)
		at org.apache.catalina.core.ContainerBase.addChild(ContainerBase.java:690)
		at org.apache.catalina.core.StandardHost.addChild(StandardHost.java:706)
		at org.apache.catalina.startup.HostConfig.deployDescriptor(HostConfig.java:631)
		at org.apache.catalina.startup.HostConfig$DeployDescriptor.run(HostConfig.java:1830)
		at java.base/java.util.concurrent.Executors$RunnableAdapter.call(Executors.java:515)
		at java.base/java.util.concurrent.FutureTask.run(FutureTask.java:264)
		at org.apache.tomcat.util.threads.InlineExecutorService.execute(InlineExecutorService.java:75)
		at java.base/java.util.concurrent.AbstractExecutorService.submit(AbstractExecutorService.java:118)
		at org.apache.catalina.startup.HostConfig.deployDescriptors(HostConfig.java:526)
		at org.apache.catalina.startup.HostConfig.deployApps(HostConfig.java:425)
		at org.apache.catalina.startup.HostConfig.start(HostConfig.java:1576)
		at org.apache.catalina.startup.HostConfig.lifecycleEvent(HostConfig.java:309)
		at org.apache.catalina.util.LifecycleBase.fireLifecycleEvent(LifecycleBase.java:123)
		at org.apache.catalina.util.LifecycleBase.setStateInternal(LifecycleBase.java:423)
		at org.apache.catalina.util.LifecycleBase.setState(LifecycleBase.java:366)
		at org.apache.catalina.core.ContainerBase.startInternal(ContainerBase.java:936)
		at org.apache.catalina.core.StandardHost.startInternal(StandardHost.java:843)
		at org.apache.catalina.util.LifecycleBase.start(LifecycleBase.java:183)
		at org.apache.catalina.core.ContainerBase$StartChild.call(ContainerBase.java:1384)
		at org.apache.catalina.core.ContainerBase$StartChild.call(ContainerBase.java:1374)
		at java.base/java.util.concurrent.FutureTask.run(FutureTask.java:264)
		at org.apache.tomcat.util.threads.InlineExecutorService.execute(InlineExecutorService.java:75)
		at java.base/java.util.concurrent.AbstractExecutorService.submit(AbstractExecutorService.java:140)
		at org.apache.catalina.core.ContainerBase.startInternal(ContainerBase.java:909)
		at org.apache.catalina.core.StandardEngine.startInternal(StandardEngine.java:262)
		at org.apache.catalina.util.LifecycleBase.start(LifecycleBase.java:183)
		at org.apache.catalina.core.StandardService.startInternal(StandardService.java:434)
		at org.apache.catalina.util.LifecycleBase.start(LifecycleBase.java:183)
		at org.apache.catalina.core.StandardServer.startInternal(StandardServer.java:930)
		at org.apache.catalina.util.LifecycleBase.start(LifecycleBase.java:183)
		at org.apache.catalina.startup.Catalina.start(Catalina.java:772)
		at java.base/jdk.internal.reflect.NativeMethodAccessorImpl.invoke0(Native Method)
		at java.base/jdk.internal.reflect.NativeMethodAccessorImpl.invoke(NativeMethodAccessorImpl.java:62)
		at java.base/jdk.internal.reflect.DelegatingMethodAccessorImpl.invoke(DelegatingMethodAccessorImpl.java:43)
		at java.base/java.lang.reflect.Method.invoke(Method.java:567)
		at org.apache.catalina.startup.Bootstrap.start(Bootstrap.java:342)
		at org.apache.catalina.startup.Bootstrap.main(Bootstrap.java:473)
	Caused by: org.apache.catalina.LifecycleException: Failed to start component [org.apache.catalina.webresources.StandardRoot@609bcfb6]
		at org.apache.catalina.util.LifecycleBase.handleSubClassException(LifecycleBase.java:440)
		at org.apache.catalina.util.LifecycleBase.start(LifecycleBase.java:198)
		at org.apache.catalina.core.StandardContext.resourcesStart(StandardContext.java:4830)
		at org.apache.catalina.core.StandardContext.startInternal(StandardContext.java:4966)
		at org.apache.catalina.util.LifecycleBase.start(LifecycleBase.java:183)
		at org.apache.catalina.core.ContainerBase.addChildInternal(ContainerBase.java:717)
		... 37 more
	Caused by: java.lang.IllegalArgumentException: The main resource set specified [C:\Users\Diego\Documents\NetBeansProjects\PWBD2\build\web] is not valid
		at org.apache.catalina.webresources.StandardRoot.createMainResourceSet(StandardRoot.java:751)
		at org.apache.catalina.webresources.StandardRoot.startInternal(StandardRoot.java:708)
		at org.apache.catalina.util.LifecycleBase.start(LifecycleBase.java:183)
		... 41 more
14-Nov-2022 10:25:41.593 INFO [main] org.apache.catalina.startup.HostConfig.deployDescriptor Deployment of deployment descriptor [C:\Users\localuser\Desktop\ventasPc\dependencias\apache-tomcat-9.0.41\conf\Catalina\localhost\PWBD2.xml] has finished in [91] ms
14-Nov-2022 10:25:41.593 INFO [main] org.apache.catalina.startup.HostConfig.deployDescriptor Desplieque del descriptor de configuración [C:\Users\localuser\Desktop\ventasPc\dependencias\apache-tomcat-9.0.41\conf\Catalina\localhost\VentasPc.xml]
14-Nov-2022 10:25:41.593 WARNING [main] org.apache.catalina.startup.HostConfig.deployDescriptor The path attribute with value [/VentasPc] in deployment descriptor [C:\Users\localuser\Desktop\ventasPc\dependencias\apache-tomcat-9.0.41\conf\Catalina\localhost\VentasPc.xml] has been ignored
14-Nov-2022 10:25:41.609 SEVERE [main] org.apache.catalina.startup.HostConfig.deployDescriptor Error durante el despliegue del descriptor de configuración [C:\Users\localuser\Desktop\ventasPc\dependencias\apache-tomcat-9.0.41\conf\Catalina\localhost\VentasPc.xml]
	java.lang.IllegalStateException: Error starting child
		at org.apache.catalina.core.ContainerBase.addChildInternal(ContainerBase.java:720)
		at org.apache.catalina.core.ContainerBase.addChild(ContainerBase.java:690)
		at org.apache.catalina.core.StandardHost.addChild(StandardHost.java:706)
		at org.apache.catalina.startup.HostConfig.deployDescriptor(HostConfig.java:631)
		at org.apache.catalina.startup.HostConfig$DeployDescriptor.run(HostConfig.java:1830)
		at java.base/java.util.concurrent.Executors$RunnableAdapter.call(Executors.java:515)
		at java.base/java.util.concurrent.FutureTask.run(FutureTask.java:264)
		at org.apache.tomcat.util.threads.InlineExecutorService.execute(InlineExecutorService.java:75)
		at java.base/java.util.concurrent.AbstractExecutorService.submit(AbstractExecutorService.java:118)
		at org.apache.catalina.startup.HostConfig.deployDescriptors(HostConfig.java:526)
		at org.apache.catalina.startup.HostConfig.deployApps(HostConfig.java:425)
		at org.apache.catalina.startup.HostConfig.start(HostConfig.java:1576)
		at org.apache.catalina.startup.HostConfig.lifecycleEvent(HostConfig.java:309)
		at org.apache.catalina.util.LifecycleBase.fireLifecycleEvent(LifecycleBase.java:123)
		at org.apache.catalina.util.LifecycleBase.setStateInternal(LifecycleBase.java:423)
		at org.apache.catalina.util.LifecycleBase.setState(LifecycleBase.java:366)
		at org.apache.catalina.core.ContainerBase.startInternal(ContainerBase.java:936)
		at org.apache.catalina.core.StandardHost.startInternal(StandardHost.java:843)
		at org.apache.catalina.util.LifecycleBase.start(LifecycleBase.java:183)
		at org.apache.catalina.core.ContainerBase$StartChild.call(ContainerBase.java:1384)
		at org.apache.catalina.core.ContainerBase$StartChild.call(ContainerBase.java:1374)
		at java.base/java.util.concurrent.FutureTask.run(FutureTask.java:264)
		at org.apache.tomcat.util.threads.InlineExecutorService.execute(InlineExecutorService.java:75)
		at java.base/java.util.concurrent.AbstractExecutorService.submit(AbstractExecutorService.java:140)
		at org.apache.catalina.core.ContainerBase.startInternal(ContainerBase.java:909)
		at org.apache.catalina.core.StandardEngine.startInternal(StandardEngine.java:262)
		at org.apache.catalina.util.LifecycleBase.start(LifecycleBase.java:183)
		at org.apache.catalina.core.StandardService.startInternal(StandardService.java:434)
		at org.apache.catalina.util.LifecycleBase.start(LifecycleBase.java:183)
		at org.apache.catalina.core.StandardServer.startInternal(StandardServer.java:930)
		at org.apache.catalina.util.LifecycleBase.start(LifecycleBase.java:183)
		at org.apache.catalina.startup.Catalina.start(Catalina.java:772)
		at java.base/jdk.internal.reflect.NativeMethodAccessorImpl.invoke0(Native Method)
		at java.base/jdk.internal.reflect.NativeMethodAccessorImpl.invoke(NativeMethodAccessorImpl.java:62)
		at java.base/jdk.internal.reflect.DelegatingMethodAccessorImpl.invoke(DelegatingMethodAccessorImpl.java:43)
		at java.base/java.lang.reflect.Method.invoke(Method.java:567)
		at org.apache.catalina.startup.Bootstrap.start(Bootstrap.java:342)
		at org.apache.catalina.startup.Bootstrap.main(Bootstrap.java:473)
	Caused by: org.apache.catalina.LifecycleException: Failed to start component [org.apache.catalina.webresources.StandardRoot@4f4c4b1a]
		at org.apache.catalina.util.LifecycleBase.handleSubClassException(LifecycleBase.java:440)
		at org.apache.catalina.util.LifecycleBase.start(LifecycleBase.java:198)
		at org.apache.catalina.core.StandardContext.resourcesStart(StandardContext.java:4830)
		at org.apache.catalina.core.StandardContext.startInternal(StandardContext.java:4966)
		at org.apache.catalina.util.LifecycleBase.start(LifecycleBase.java:183)
		at org.apache.catalina.core.ContainerBase.addChildInternal(ContainerBase.java:717)
		... 37 more
	Caused by: java.lang.IllegalArgumentException: The main resource set specified [C:\Users\Diego\Desktop\ventasPc\VentasPc\build\web] is not valid
		at org.apache.catalina.webresources.StandardRoot.createMainResourceSet(StandardRoot.java:751)
		at org.apache.catalina.webresources.StandardRoot.startInternal(StandardRoot.java:708)
		at org.apache.catalina.util.LifecycleBase.start(LifecycleBase.java:183)
		... 41 more
14-Nov-2022 10:25:41.864 INFO [main] org.apache.catalina.startup.HostConfig.deployDescriptor Deployment of deployment descriptor [C:\Users\localuser\Desktop\ventasPc\dependencias\apache-tomcat-9.0.41\conf\Catalina\localhost\VentasPc.xml] has finished in [271] ms
14-Nov-2022 10:25:41.864 INFO [main] org.apache.catalina.startup.HostConfig.deployDirectory Desplegando el directorio [C:\Users\localuser\Desktop\ventasPc\dependencias\apache-tomcat-9.0.41\webapps\docs] de la aplicación web
14-Nov-2022 10:25:42.753 INFO [main] org.apache.jasper.servlet.TldScanner.scanJars Al menos un JAR, que se ha explorado buscando TLDs, aún no contenía TLDs. Activar historial de depuración para este historiador para una completa lista de los JARs que fueron explorados y de los que nos se halló TLDs. Saltarse JARs no necesarios durante la exploración puede dar lugar a una mejora de tiempo significativa en el arranque y compilación de JSP .
14-Nov-2022 10:25:42.878 INFO [main] org.apache.catalina.startup.HostConfig.deployDirectory Deployment of web application directory [C:\Users\localuser\Desktop\ventasPc\dependencias\apache-tomcat-9.0.41\webapps\docs] has finished in [1.014] ms
14-Nov-2022 10:25:42.878 INFO [main] org.apache.catalina.startup.HostConfig.deployDirectory Desplegando el directorio [C:\Users\localuser\Desktop\ventasPc\dependencias\apache-tomcat-9.0.41\webapps\examples] de la aplicación web
14-Nov-2022 10:25:46.037 INFO [main] org.apache.jasper.servlet.TldScanner.scanJars Al menos un JAR, que se ha explorado buscando TLDs, aún no contenía TLDs. Activar historial de depuración para este historiador para una completa lista de los JARs que fueron explorados y de los que nos se halló TLDs. Saltarse JARs no necesarios durante la exploración puede dar lugar a una mejora de tiempo significativa en el arranque y compilación de JSP .
14-Nov-2022 10:25:46.099 INFO [main] org.apache.catalina.startup.HostConfig.deployDirectory Deployment of web application directory [C:\Users\localuser\Desktop\ventasPc\dependencias\apache-tomcat-9.0.41\webapps\examples] has finished in [3.221] ms
14-Nov-2022 10:25:46.099 INFO [main] org.apache.catalina.startup.HostConfig.deployDirectory Desplegando el directorio [C:\Users\localuser\Desktop\ventasPc\dependencias\apache-tomcat-9.0.41\webapps\host-manager] de la aplicación web
14-Nov-2022 10:25:46.287 INFO [main] org.apache.jasper.servlet.TldScanner.scanJars Al menos un JAR, que se ha explorado buscando TLDs, aún no contenía TLDs. Activar historial de depuración para este historiador para una completa lista de los JARs que fueron explorados y de los que nos se halló TLDs. Saltarse JARs no necesarios durante la exploración puede dar lugar a una mejora de tiempo significativa en el arranque y compilación de JSP .
14-Nov-2022 10:25:46.287 INFO [main] org.apache.catalina.startup.HostConfig.deployDirectory Deployment of web application directory [C:\Users\localuser\Desktop\ventasPc\dependencias\apache-tomcat-9.0.41\webapps\host-manager] has finished in [188] ms
14-Nov-2022 10:25:46.287 INFO [main] org.apache.catalina.startup.HostConfig.deployDirectory Desplegando el directorio [C:\Users\localuser\Desktop\ventasPc\dependencias\apache-tomcat-9.0.41\webapps\manager] de la aplicación web
14-Nov-2022 10:25:46.458 INFO [main] org.apache.jasper.servlet.TldScanner.scanJars Al menos un JAR, que se ha explorado buscando TLDs, aún no contenía TLDs. Activar historial de depuración para este historiador para una completa lista de los JARs que fueron explorados y de los que nos se halló TLDs. Saltarse JARs no necesarios durante la exploración puede dar lugar a una mejora de tiempo significativa en el arranque y compilación de JSP .
14-Nov-2022 10:25:46.458 INFO [main] org.apache.catalina.startup.HostConfig.deployDirectory Deployment of web application directory [C:\Users\localuser\Desktop\ventasPc\dependencias\apache-tomcat-9.0.41\webapps\manager] has finished in [171] ms
14-Nov-2022 10:25:46.458 INFO [main] org.apache.catalina.startup.HostConfig.deployDirectory Desplegando el directorio [C:\Users\localuser\Desktop\ventasPc\dependencias\apache-tomcat-9.0.41\webapps\ROOT] de la aplicación web
14-Nov-2022 10:25:46.521 INFO [main] org.apache.jasper.servlet.TldScanner.scanJars Al menos un JAR, que se ha explorado buscando TLDs, aún no contenía TLDs. Activar historial de depuración para este historiador para una completa lista de los JARs que fueron explorados y de los que nos se halló TLDs. Saltarse JARs no necesarios durante la exploración puede dar lugar a una mejora de tiempo significativa en el arranque y compilación de JSP .
14-Nov-2022 10:25:46.521 INFO [main] org.apache.catalina.startup.HostConfig.deployDirectory Deployment of web application directory [C:\Users\localuser\Desktop\ventasPc\dependencias\apache-tomcat-9.0.41\webapps\ROOT] has finished in [63] ms
14-Nov-2022 10:25:46.521 INFO [main] org.apache.coyote.AbstractProtocol.start Starting ProtocolHandler ["http-nio-8089"]
14-Nov-2022 10:25:46.536 INFO [main] org.apache.catalina.startup.Catalina.start Server startup in [5100] milliseconds
14-Nov-2022 10:25:55.353 INFO [http-nio-8089-exec-1] org.apache.catalina.startup.HostConfig.undeploy Repliegue (undeploy) de la aplicación web que tiene como trayectoria de contexto [/VentasPc]
14-Nov-2022 10:25:55.509 INFO [http-nio-8089-exec-2] org.apache.catalina.startup.HostConfig.deployDescriptor Desplieque del descriptor de configuración [C:\Users\localuser\Desktop\ventasPc\dependencias\apache-tomcat-9.0.41\conf\Catalina\localhost\VentasPc.xml]
14-Nov-2022 10:25:55.509 WARNING [http-nio-8089-exec-2] org.apache.catalina.startup.HostConfig.deployDescriptor The path attribute with value [/VentasPc] in deployment descriptor [C:\Users\localuser\Desktop\ventasPc\dependencias\apache-tomcat-9.0.41\conf\Catalina\localhost\VentasPc.xml] has been ignored
14-Nov-2022 10:25:55.899 INFO [http-nio-8089-exec-2] org.apache.jasper.servlet.TldScanner.scanJars Al menos un JAR, que se ha explorado buscando TLDs, aún no contenía TLDs. Activar historial de depuración para este historiador para una completa lista de los JARs que fueron explorados y de los que nos se halló TLDs. Saltarse JARs no necesarios durante la exploración puede dar lugar a una mejora de tiempo significativa en el arranque y compilación de JSP .
14-Nov-2022 10:25:55.899 INFO [http-nio-8089-exec-2] org.apache.catalina.startup.HostConfig.deployDescriptor Deployment of deployment descriptor [C:\Users\localuser\Desktop\ventasPc\dependencias\apache-tomcat-9.0.41\conf\Catalina\localhost\VentasPc.xml] has finished in [390] ms
14-Nov-2022 10:25:55.914 INFO [http-nio-8089-exec-10] org.apache.catalina.util.LifecycleBase.start The start() method was called on component [StandardEngine[Catalina].StandardHost[localhost].StandardContext[/VentasPc]] after start() had already been called. The second call will be ignored.
14-Nov-2022 10:29:19.268 INFO [http-nio-8089-exec-13] org.apache.catalina.core.StandardContext.reload Ha comenzado la recarga de Contexto [/VentasPc]
14-Nov-2022 10:29:19.284 WARNING [http-nio-8089-exec-13] org.apache.catalina.loader.WebappClassLoaderBase.clearReferencesJdbc La aplicación web [VentasPc] registró el conductor JDBC [com.mysql.cj.jdbc.Driver] pero falló al anular el registro mientras la aplicación web estaba parada. Para prevenir un fallo de memoria, se ha anulado el registro del conductor JDBC por la fuerza.
14-Nov-2022 10:29:19.284 WARNING [http-nio-8089-exec-13] org.apache.catalina.loader.WebappClassLoaderBase.clearReferencesThreads The web application [VentasPc] appears to have started a thread named [mysql-cj-abandoned-connection-cleanup] but has failed to stop it. This is very likely to create a memory leak. Stack trace of thread:
 java.base@13/java.lang.Object.wait(Native Method)
 java.base@13/java.lang.ref.ReferenceQueue.remove(ReferenceQueue.java:155)
 com.mysql.cj.jdbc.AbandonedConnectionCleanupThread.run(AbandonedConnectionCleanupThread.java:91)
 java.base@13/java.util.concurrent.ThreadPoolExecutor.runWorker(ThreadPoolExecutor.java:1128)
 java.base@13/java.util.concurrent.ThreadPoolExecutor$Worker.run(ThreadPoolExecutor.java:628)
 java.base@13/java.lang.Thread.run(Thread.java:830)
14-Nov-2022 10:29:19.315 INFO [mysql-cj-abandoned-connection-cleanup] org.apache.catalina.loader.WebappClassLoaderBase.checkStateForResourceLoading Acceso ilegal: esta instancia de aplicación web ya ha sido parada.  Could not load [com.mysql.cj.protocol.ExportControlled].  La eventual traza de pila que sigue ha sido motivada por un error lanzado con motivos de depuración así como para intentar terminar el hilo que motivó el acceso ilegal y no tiene impacto funcional.
	java.lang.IllegalStateException: Acceso ilegal: esta instancia de aplicación web ya ha sido parada.  Could not load [com.mysql.cj.protocol.ExportControlled].  La eventual traza de pila que sigue ha sido motivada por un error lanzado con motivos de depuración así como para intentar terminar el hilo que motivó el acceso ilegal y no tiene impacto funcional.
		at org.apache.catalina.loader.WebappClassLoaderBase.checkStateForResourceLoading(WebappClassLoaderBase.java:1385)
		at org.apache.catalina.loader.WebappClassLoaderBase.checkStateForClassLoading(WebappClassLoaderBase.java:1373)
		at org.apache.catalina.loader.WebappClassLoaderBase.loadClass(WebappClassLoaderBase.java:1226)
		at org.apache.catalina.loader.WebappClassLoaderBase.loadClass(WebappClassLoaderBase.java:1188)
		at com.mysql.cj.protocol.NetworkResources.forceClose(NetworkResources.java:53)
		at com.mysql.cj.jdbc.AbandonedConnectionCleanupThread$ConnectionFinalizerPhantomReference.finalizeResources(AbandonedConnectionCleanupThread.java:248)
		at com.mysql.cj.jdbc.AbandonedConnectionCleanupThread.finalizeResource(AbandonedConnectionCleanupThread.java:226)
		at com.mysql.cj.jdbc.AbandonedConnectionCleanupThread.run(AbandonedConnectionCleanupThread.java:93)
		at java.base/java.util.concurrent.ThreadPoolExecutor.runWorker(ThreadPoolExecutor.java:1128)
		at java.base/java.util.concurrent.ThreadPoolExecutor$Worker.run(ThreadPoolExecutor.java:628)
		at java.base/java.lang.Thread.run(Thread.java:830)
14-Nov-2022 10:29:19.596 INFO [http-nio-8089-exec-13] org.apache.jasper.servlet.TldScanner.scanJars Al menos un JAR, que se ha explorado buscando TLDs, aún no contenía TLDs. Activar historial de depuración para este historiador para una completa lista de los JARs que fueron explorados y de los que nos se halló TLDs. Saltarse JARs no necesarios durante la exploración puede dar lugar a una mejora de tiempo significativa en el arranque y compilación de JSP .
14-Nov-2022 10:29:19.611 INFO [http-nio-8089-exec-13] org.apache.catalina.core.StandardContext.reload Se ha completado la recarga de este Contexto
14-Nov-2022 10:29:21.428 INFO [http-nio-8089-exec-20] org.apache.catalina.core.StandardContext.reload Ha comenzado la recarga de Contexto [/VentasPc]
14-Nov-2022 10:29:21.724 INFO [http-nio-8089-exec-20] org.apache.jasper.servlet.TldScanner.scanJars Al menos un JAR, que se ha explorado buscando TLDs, aún no contenía TLDs. Activar historial de depuración para este historiador para una completa lista de los JARs que fueron explorados y de los que nos se halló TLDs. Saltarse JARs no necesarios durante la exploración puede dar lugar a una mejora de tiempo significativa en el arranque y compilación de JSP .
14-Nov-2022 10:29:21.740 INFO [http-nio-8089-exec-20] org.apache.catalina.core.StandardContext.reload Se ha completado la recarga de este Contexto
14-Nov-2022 11:05:45.342 INFO [http-nio-8089-exec-32] org.apache.catalina.core.StandardContext.reload Ha comenzado la recarga de Contexto [/VentasPc]
14-Nov-2022 11:05:45.498 WARNING [http-nio-8089-exec-32] org.apache.catalina.loader.WebappClassLoaderBase.clearReferencesJdbc La aplicación web [VentasPc] registró el conductor JDBC [com.mysql.cj.jdbc.Driver] pero falló al anular el registro mientras la aplicación web estaba parada. Para prevenir un fallo de memoria, se ha anulado el registro del conductor JDBC por la fuerza.
14-Nov-2022 11:05:45.498 WARNING [http-nio-8089-exec-32] org.apache.catalina.loader.WebappClassLoaderBase.clearReferencesThreads The web application [VentasPc] appears to have started a thread named [mysql-cj-abandoned-connection-cleanup] but has failed to stop it. This is very likely to create a memory leak. Stack trace of thread:
 java.base@13/java.lang.Object.wait(Native Method)
 java.base@13/java.lang.ref.ReferenceQueue.remove(ReferenceQueue.java:155)
 com.mysql.cj.jdbc.AbandonedConnectionCleanupThread.run(AbandonedConnectionCleanupThread.java:91)
 java.base@13/java.util.concurrent.ThreadPoolExecutor.runWorker(ThreadPoolExecutor.java:1128)
 java.base@13/java.util.concurrent.ThreadPoolExecutor$Worker.run(ThreadPoolExecutor.java:628)
 java.base@13/java.lang.Thread.run(Thread.java:830)
14-Nov-2022 11:05:45.560 INFO [mysql-cj-abandoned-connection-cleanup] org.apache.catalina.loader.WebappClassLoaderBase.checkStateForResourceLoading Acceso ilegal: esta instancia de aplicación web ya ha sido parada.  Could not load [].  La eventual traza de pila que sigue ha sido motivada por un error lanzado con motivos de depuración así como para intentar terminar el hilo que motivó el acceso ilegal y no tiene impacto funcional.
	java.lang.IllegalStateException: Acceso ilegal: esta instancia de aplicación web ya ha sido parada.  Could not load [].  La eventual traza de pila que sigue ha sido motivada por un error lanzado con motivos de depuración así como para intentar terminar el hilo que motivó el acceso ilegal y no tiene impacto funcional.
		at org.apache.catalina.loader.WebappClassLoaderBase.checkStateForResourceLoading(WebappClassLoaderBase.java:1385)
		at org.apache.catalina.loader.WebappClassLoaderBase.getResource(WebappClassLoaderBase.java:1038)
		at com.mysql.cj.jdbc.AbandonedConnectionCleanupThread.checkThreadContextClassLoader(AbandonedConnectionCleanupThread.java:123)
		at com.mysql.cj.jdbc.AbandonedConnectionCleanupThread.run(AbandonedConnectionCleanupThread.java:90)
		at java.base/java.util.concurrent.ThreadPoolExecutor.runWorker(ThreadPoolExecutor.java:1128)
		at java.base/java.util.concurrent.ThreadPoolExecutor$Worker.run(ThreadPoolExecutor.java:628)
		at java.base/java.lang.Thread.run(Thread.java:830)
14-Nov-2022 11:05:45.560 INFO [mysql-cj-abandoned-connection-cleanup] org.apache.catalina.loader.WebappClassLoaderBase.checkStateForResourceLoading Acceso ilegal: esta instancia de aplicación web ya ha sido parada.  Could not load [].  La eventual traza de pila que sigue ha sido motivada por un error lanzado con motivos de depuración así como para intentar terminar el hilo que motivó el acceso ilegal y no tiene impacto funcional.
	java.lang.IllegalStateException: Acceso ilegal: esta instancia de aplicación web ya ha sido parada.  Could not load [].  La eventual traza de pila que sigue ha sido motivada por un error lanzado con motivos de depuración así como para intentar terminar el hilo que motivó el acceso ilegal y no tiene impacto funcional.
		at org.apache.catalina.loader.WebappClassLoaderBase.checkStateForResourceLoading(WebappClassLoaderBase.java:1385)
		at org.apache.catalina.loader.WebappClassLoaderBase.getResource(WebappClassLoaderBase.java:1038)
		at com.mysql.cj.jdbc.AbandonedConnectionCleanupThread.checkThreadContextClassLoader(AbandonedConnectionCleanupThread.java:123)
		at com.mysql.cj.jdbc.AbandonedConnectionCleanupThread.run(AbandonedConnectionCleanupThread.java:90)
		at java.base/java.util.concurrent.ThreadPoolExecutor.runWorker(ThreadPoolExecutor.java:1128)
		at java.base/java.util.concurrent.ThreadPoolExecutor$Worker.run(ThreadPoolExecutor.java:628)
		at java.base/java.lang.Thread.run(Thread.java:830)
14-Nov-2022 11:05:45.591 INFO [mysql-cj-abandoned-connection-cleanup] org.apache.catalina.loader.WebappClassLoaderBase.checkStateForResourceLoading Acceso ilegal: esta instancia de aplicación web ya ha sido parada.  Could not load [].  La eventual traza de pila que sigue ha sido motivada por un error lanzado con motivos de depuración así como para intentar terminar el hilo que motivó el acceso ilegal y no tiene impacto funcional.
	java.lang.IllegalStateException: Acceso ilegal: esta instancia de aplicación web ya ha sido parada.  Could not load [].  La eventual traza de pila que sigue ha sido motivada por un error lanzado con motivos de depuración así como para intentar terminar el hilo que motivó el acceso ilegal y no tiene impacto funcional.
		at org.apache.catalina.loader.WebappClassLoaderBase.checkStateForResourceLoading(WebappClassLoaderBase.java:1385)
		at org.apache.catalina.loader.WebappClassLoaderBase.getResource(WebappClassLoaderBase.java:1038)
		at com.mysql.cj.jdbc.AbandonedConnectionCleanupThread.checkThreadContextClassLoader(AbandonedConnectionCleanupThread.java:123)
		at com.mysql.cj.jdbc.AbandonedConnectionCleanupThread.run(AbandonedConnectionCleanupThread.java:90)
		at java.base/java.util.concurrent.ThreadPoolExecutor.runWorker(ThreadPoolExecutor.java:1128)
		at java.base/java.util.concurrent.ThreadPoolExecutor$Worker.run(ThreadPoolExecutor.java:628)
		at java.base/java.lang.Thread.run(Thread.java:830)
14-Nov-2022 11:05:45.591 INFO [47] org.apache.catalina.loader.WebappClassLoaderBase.checkStateForResourceLoading Acceso ilegal: esta instancia de aplicación web ya ha sido parada.  Could not load [].  La eventual traza de pila que sigue ha sido motivada por un error lanzado con motivos de depuración así como para intentar terminar el hilo que motivó el acceso ilegal y no tiene impacto funcional.
	java.lang.IllegalStateException: Acceso ilegal: esta instancia de aplicación web ya ha sido parada.  Could not load [].  La eventual traza de pila que sigue ha sido motivada por un error lanzado con motivos de depuración así como para intentar terminar el hilo que motivó el acceso ilegal y no tiene impacto funcional.
		at org.apache.catalina.loader.WebappClassLoaderBase.checkStateForResourceLoading(WebappClassLoaderBase.java:1385)
		at org.apache.catalina.loader.WebappClassLoaderBase.getResource(WebappClassLoaderBase.java:1038)
		at com.mysql.cj.jdbc.AbandonedConnectionCleanupThread.checkThreadContextClassLoader(AbandonedConnectionCleanupThread.java:123)
		at com.mysql.cj.jdbc.AbandonedConnectionCleanupThread.run(AbandonedConnectionCleanupThread.java:90)
		at java.base/java.util.concurrent.ThreadPoolExecutor.runWorker(ThreadPoolExecutor.java:1128)
		at java.base/java.util.concurrent.ThreadPoolExecutor$Worker.run(ThreadPoolExecutor.java:628)
		at java.base/java.lang.Thread.run(Thread.java:830)
14-Nov-2022 11:05:45.825 INFO [http-nio-8089-exec-32] org.apache.jasper.servlet.TldScanner.scanJars Al menos un JAR, que se ha explorado buscando TLDs, aún no contenía TLDs. Activar historial de depuración para este historiador para una completa lista de los JARs que fueron explorados y de los que nos se halló TLDs. Saltarse JARs no necesarios durante la exploración puede dar lugar a una mejora de tiempo significativa en el arranque y compilación de JSP .
14-Nov-2022 11:05:45.841 INFO [http-nio-8089-exec-32] org.apache.catalina.core.StandardContext.reload Se ha completado la recarga de este Contexto
14-Nov-2022 11:06:00.811 INFO [http-nio-8089-exec-30] org.apache.catalina.core.StandardContext.reload Ha comenzado la recarga de Contexto [/VentasPc]
14-Nov-2022 11:06:01.185 INFO [http-nio-8089-exec-30] org.apache.jasper.servlet.TldScanner.scanJars Al menos un JAR, que se ha explorado buscando TLDs, aún no contenía TLDs. Activar historial de depuración para este historiador para una completa lista de los JARs que fueron explorados y de los que nos se halló TLDs. Saltarse JARs no necesarios durante la exploración puede dar lugar a una mejora de tiempo significativa en el arranque y compilación de JSP .
14-Nov-2022 11:06:01.185 INFO [http-nio-8089-exec-30] org.apache.catalina.core.StandardContext.reload Se ha completado la recarga de este Contexto
14-Nov-2022 11:06:01.216 INFO [http-nio-8089-exec-29] org.apache.catalina.core.StandardContext.reload Ha comenzado la recarga de Contexto [/VentasPc]
14-Nov-2022 11:06:01.499 INFO [http-nio-8089-exec-29] org.apache.jasper.servlet.TldScanner.scanJars Al menos un JAR, que se ha explorado buscando TLDs, aún no contenía TLDs. Activar historial de depuración para este historiador para una completa lista de los JARs que fueron explorados y de los que nos se halló TLDs. Saltarse JARs no necesarios durante la exploración puede dar lugar a una mejora de tiempo significativa en el arranque y compilación de JSP .
14-Nov-2022 11:06:01.499 INFO [http-nio-8089-exec-29] org.apache.catalina.core.StandardContext.reload Se ha completado la recarga de este Contexto
14-Nov-2022 11:06:34.458 INFO [http-nio-8089-exec-30] org.apache.catalina.core.StandardContext.reload Ha comenzado la recarga de Contexto [/VentasPc]
14-Nov-2022 11:06:34.770 INFO [http-nio-8089-exec-30] org.apache.jasper.servlet.TldScanner.scanJars Al menos un JAR, que se ha explorado buscando TLDs, aún no contenía TLDs. Activar historial de depuración para este historiador para una completa lista de los JARs que fueron explorados y de los que nos se halló TLDs. Saltarse JARs no necesarios durante la exploración puede dar lugar a una mejora de tiempo significativa en el arranque y compilación de JSP .
14-Nov-2022 11:06:34.785 INFO [http-nio-8089-exec-30] org.apache.catalina.core.StandardContext.reload Se ha completado la recarga de este Contexto
14-Nov-2022 11:06:34.817 INFO [http-nio-8089-exec-27] org.apache.catalina.core.StandardContext.reload Ha comenzado la recarga de Contexto [/VentasPc]
14-Nov-2022 11:06:35.146 INFO [http-nio-8089-exec-27] org.apache.jasper.servlet.TldScanner.scanJars Al menos un JAR, que se ha explorado buscando TLDs, aún no contenía TLDs. Activar historial de depuración para este historiador para una completa lista de los JARs que fueron explorados y de los que nos se halló TLDs. Saltarse JARs no necesarios durante la exploración puede dar lugar a una mejora de tiempo significativa en el arranque y compilación de JSP .
14-Nov-2022 11:06:35.146 INFO [http-nio-8089-exec-27] org.apache.catalina.core.StandardContext.reload Se ha completado la recarga de este Contexto
14-Nov-2022 11:06:47.688 INFO [http-nio-8089-exec-33] org.apache.catalina.core.StandardContext.reload Ha comenzado la recarga de Contexto [/VentasPc]
14-Nov-2022 11:06:48.031 INFO [http-nio-8089-exec-33] org.apache.jasper.servlet.TldScanner.scanJars Al menos un JAR, que se ha explorado buscando TLDs, aún no contenía TLDs. Activar historial de depuración para este historiador para una completa lista de los JARs que fueron explorados y de los que nos se halló TLDs. Saltarse JARs no necesarios durante la exploración puede dar lugar a una mejora de tiempo significativa en el arranque y compilación de JSP .
14-Nov-2022 11:06:48.031 INFO [http-nio-8089-exec-33] org.apache.catalina.core.StandardContext.reload Se ha completado la recarga de este Contexto
14-Nov-2022 11:06:48.062 INFO [http-nio-8089-exec-35] org.apache.catalina.core.StandardContext.reload Ha comenzado la recarga de Contexto [/VentasPc]
14-Nov-2022 11:06:48.343 INFO [http-nio-8089-exec-35] org.apache.jasper.servlet.TldScanner.scanJars Al menos un JAR, que se ha explorado buscando TLDs, aún no contenía TLDs. Activar historial de depuración para este historiador para una completa lista de los JARs que fueron explorados y de los que nos se halló TLDs. Saltarse JARs no necesarios durante la exploración puede dar lugar a una mejora de tiempo significativa en el arranque y compilación de JSP .
14-Nov-2022 11:06:48.343 INFO [http-nio-8089-exec-35] org.apache.catalina.core.StandardContext.reload Se ha completado la recarga de este Contexto
14-Nov-2022 11:06:51.297 INFO [http-nio-8089-exec-26] org.apache.catalina.core.StandardContext.reload Ha comenzado la recarga de Contexto [/VentasPc]
14-Nov-2022 11:06:51.640 INFO [http-nio-8089-exec-26] org.apache.jasper.servlet.TldScanner.scanJars Al menos un JAR, que se ha explorado buscando TLDs, aún no contenía TLDs. Activar historial de depuración para este historiador para una completa lista de los JARs que fueron explorados y de los que nos se halló TLDs. Saltarse JARs no necesarios durante la exploración puede dar lugar a una mejora de tiempo significativa en el arranque y compilación de JSP .
14-Nov-2022 11:06:51.640 INFO [http-nio-8089-exec-26] org.apache.catalina.core.StandardContext.reload Se ha completado la recarga de este Contexto
14-Nov-2022 11:06:51.671 INFO [http-nio-8089-exec-35] org.apache.catalina.core.StandardContext.reload Ha comenzado la recarga de Contexto [/VentasPc]
14-Nov-2022 11:06:51.967 INFO [http-nio-8089-exec-35] org.apache.jasper.servlet.TldScanner.scanJars Al menos un JAR, que se ha explorado buscando TLDs, aún no contenía TLDs. Activar historial de depuración para este historiador para una completa lista de los JARs que fueron explorados y de los que nos se halló TLDs. Saltarse JARs no necesarios durante la exploración puede dar lugar a una mejora de tiempo significativa en el arranque y compilación de JSP .
14-Nov-2022 11:06:51.967 INFO [http-nio-8089-exec-35] org.apache.catalina.core.StandardContext.reload Se ha completado la recarga de este Contexto
14-Nov-2022 11:06:56.277 INFO [http-nio-8089-exec-26] org.apache.catalina.core.StandardContext.reload Ha comenzado la recarga de Contexto [/VentasPc]
14-Nov-2022 11:06:56.620 INFO [http-nio-8089-exec-26] org.apache.jasper.servlet.TldScanner.scanJars Al menos un JAR, que se ha explorado buscando TLDs, aún no contenía TLDs. Activar historial de depuración para este historiador para una completa lista de los JARs que fueron explorados y de los que nos se halló TLDs. Saltarse JARs no necesarios durante la exploración puede dar lugar a una mejora de tiempo significativa en el arranque y compilación de JSP .
14-Nov-2022 11:06:56.636 INFO [http-nio-8089-exec-26] org.apache.catalina.core.StandardContext.reload Se ha completado la recarga de este Contexto
14-Nov-2022 11:06:56.651 INFO [http-nio-8089-exec-30] org.apache.catalina.core.StandardContext.reload Ha comenzado la recarga de Contexto [/VentasPc]
14-Nov-2022 11:06:56.948 INFO [http-nio-8089-exec-30] org.apache.jasper.servlet.TldScanner.scanJars Al menos un JAR, que se ha explorado buscando TLDs, aún no contenía TLDs. Activar historial de depuración para este historiador para una completa lista de los JARs que fueron explorados y de los que nos se halló TLDs. Saltarse JARs no necesarios durante la exploración puede dar lugar a una mejora de tiempo significativa en el arranque y compilación de JSP .
14-Nov-2022 11:06:56.948 INFO [http-nio-8089-exec-30] org.apache.catalina.core.StandardContext.reload Se ha completado la recarga de este Contexto
14-Nov-2022 11:08:14.279 INFO [http-nio-8089-exec-36] org.apache.catalina.core.StandardContext.reload Ha comenzado la recarga de Contexto [/VentasPc]
14-Nov-2022 11:08:14.638 INFO [http-nio-8089-exec-36] org.apache.jasper.servlet.TldScanner.scanJars Al menos un JAR, que se ha explorado buscando TLDs, aún no contenía TLDs. Activar historial de depuración para este historiador para una completa lista de los JARs que fueron explorados y de los que nos se halló TLDs. Saltarse JARs no necesarios durante la exploración puede dar lugar a una mejora de tiempo significativa en el arranque y compilación de JSP .
14-Nov-2022 11:08:14.638 INFO [http-nio-8089-exec-36] org.apache.catalina.core.StandardContext.reload Se ha completado la recarga de este Contexto
14-Nov-2022 11:08:15.044 INFO [http-nio-8089-exec-39] org.apache.catalina.core.StandardContext.reload Ha comenzado la recarga de Contexto [/VentasPc]
14-Nov-2022 11:08:15.325 INFO [http-nio-8089-exec-39] org.apache.jasper.servlet.TldScanner.scanJars Al menos un JAR, que se ha explorado buscando TLDs, aún no contenía TLDs. Activar historial de depuración para este historiador para una completa lista de los JARs que fueron explorados y de los que nos se halló TLDs. Saltarse JARs no necesarios durante la exploración puede dar lugar a una mejora de tiempo significativa en el arranque y compilación de JSP .
14-Nov-2022 11:08:15.325 INFO [http-nio-8089-exec-39] org.apache.catalina.core.StandardContext.reload Se ha completado la recarga de este Contexto
14-Nov-2022 11:08:30.855 INFO [http-nio-8089-exec-40] org.apache.catalina.core.StandardContext.reload Ha comenzado la recarga de Contexto [/VentasPc]
14-Nov-2022 11:08:31.136 INFO [http-nio-8089-exec-40] org.apache.jasper.servlet.TldScanner.scanJars Al menos un JAR, que se ha explorado buscando TLDs, aún no contenía TLDs. Activar historial de depuración para este historiador para una completa lista de los JARs que fueron explorados y de los que nos se halló TLDs. Saltarse JARs no necesarios durante la exploración puede dar lugar a una mejora de tiempo significativa en el arranque y compilación de JSP .
14-Nov-2022 11:08:31.151 INFO [http-nio-8089-exec-40] org.apache.catalina.core.StandardContext.reload Se ha completado la recarga de este Contexto
14-Nov-2022 11:08:48.717 INFO [http-nio-8089-exec-37] org.apache.catalina.core.StandardContext.reload Ha comenzado la recarga de Contexto [/VentasPc]
14-Nov-2022 11:08:48.998 INFO [http-nio-8089-exec-37] org.apache.jasper.servlet.TldScanner.scanJars Al menos un JAR, que se ha explorado buscando TLDs, aún no contenía TLDs. Activar historial de depuración para este historiador para una completa lista de los JARs que fueron explorados y de los que nos se halló TLDs. Saltarse JARs no necesarios durante la exploración puede dar lugar a una mejora de tiempo significativa en el arranque y compilación de JSP .
14-Nov-2022 11:08:48.998 INFO [http-nio-8089-exec-37] org.apache.catalina.core.StandardContext.reload Se ha completado la recarga de este Contexto
14-Nov-2022 11:08:53.968 INFO [http-nio-8089-exec-41] org.apache.catalina.core.StandardContext.reload Ha comenzado la recarga de Contexto [/VentasPc]
14-Nov-2022 11:08:54.280 INFO [http-nio-8089-exec-41] org.apache.jasper.servlet.TldScanner.scanJars Al menos un JAR, que se ha explorado buscando TLDs, aún no contenía TLDs. Activar historial de depuración para este historiador para una completa lista de los JARs que fueron explorados y de los que nos se halló TLDs. Saltarse JARs no necesarios durante la exploración puede dar lugar a una mejora de tiempo significativa en el arranque y compilación de JSP .
14-Nov-2022 11:08:54.295 INFO [http-nio-8089-exec-41] org.apache.catalina.core.StandardContext.reload Se ha completado la recarga de este Contexto
14-Nov-2022 11:08:54.311 INFO [http-nio-8089-exec-42] org.apache.catalina.core.StandardContext.reload Ha comenzado la recarga de Contexto [/VentasPc]
14-Nov-2022 11:08:54.592 INFO [http-nio-8089-exec-42] org.apache.jasper.servlet.TldScanner.scanJars Al menos un JAR, que se ha explorado buscando TLDs, aún no contenía TLDs. Activar historial de depuración para este historiador para una completa lista de los JARs que fueron explorados y de los que nos se halló TLDs. Saltarse JARs no necesarios durante la exploración puede dar lugar a una mejora de tiempo significativa en el arranque y compilación de JSP .
14-Nov-2022 11:08:54.592 INFO [http-nio-8089-exec-42] org.apache.catalina.core.StandardContext.reload Se ha completado la recarga de este Contexto
14-Nov-2022 11:09:06.479 INFO [http-nio-8089-exec-37] org.apache.catalina.core.StandardContext.reload Ha comenzado la recarga de Contexto [/VentasPc]
14-Nov-2022 11:09:06.791 INFO [http-nio-8089-exec-37] org.apache.jasper.servlet.TldScanner.scanJars Al menos un JAR, que se ha explorado buscando TLDs, aún no contenía TLDs. Activar historial de depuración para este historiador para una completa lista de los JARs que fueron explorados y de los que nos se halló TLDs. Saltarse JARs no necesarios durante la exploración puede dar lugar a una mejora de tiempo significativa en el arranque y compilación de JSP .
14-Nov-2022 11:09:06.791 INFO [http-nio-8089-exec-37] org.apache.catalina.core.StandardContext.reload Se ha completado la recarga de este Contexto
14-Nov-2022 11:09:06.822 INFO [http-nio-8089-exec-35] org.apache.catalina.core.StandardContext.reload Ha comenzado la recarga de Contexto [/VentasPc]
14-Nov-2022 11:09:07.119 INFO [http-nio-8089-exec-35] org.apache.jasper.servlet.TldScanner.scanJars Al menos un JAR, que se ha explorado buscando TLDs, aún no contenía TLDs. Activar historial de depuración para este historiador para una completa lista de los JARs que fueron explorados y de los que nos se halló TLDs. Saltarse JARs no necesarios durante la exploración puede dar lugar a una mejora de tiempo significativa en el arranque y compilación de JSP .
14-Nov-2022 11:09:07.119 INFO [http-nio-8089-exec-35] org.apache.catalina.core.StandardContext.reload Se ha completado la recarga de este Contexto
14-Nov-2022 11:09:21.671 INFO [http-nio-8089-exec-44] org.apache.catalina.core.StandardContext.reload Ha comenzado la recarga de Contexto [/VentasPc]
14-Nov-2022 11:09:21.952 INFO [http-nio-8089-exec-44] org.apache.jasper.servlet.TldScanner.scanJars Al menos un JAR, que se ha explorado buscando TLDs, aún no contenía TLDs. Activar historial de depuración para este historiador para una completa lista de los JARs que fueron explorados y de los que nos se halló TLDs. Saltarse JARs no necesarios durante la exploración puede dar lugar a una mejora de tiempo significativa en el arranque y compilación de JSP .
14-Nov-2022 11:09:21.952 INFO [http-nio-8089-exec-44] org.apache.catalina.core.StandardContext.reload Se ha completado la recarga de este Contexto
14-Nov-2022 11:09:21.968 INFO [http-nio-8089-exec-37] org.apache.catalina.core.StandardContext.reload Ha comenzado la recarga de Contexto [/VentasPc]
14-Nov-2022 11:09:22.233 INFO [http-nio-8089-exec-37] org.apache.jasper.servlet.TldScanner.scanJars Al menos un JAR, que se ha explorado buscando TLDs, aún no contenía TLDs. Activar historial de depuración para este historiador para una completa lista de los JARs que fueron explorados y de los que nos se halló TLDs. Saltarse JARs no necesarios durante la exploración puede dar lugar a una mejora de tiempo significativa en el arranque y compilación de JSP .
14-Nov-2022 11:09:22.233 INFO [http-nio-8089-exec-37] org.apache.catalina.core.StandardContext.reload Se ha completado la recarga de este Contexto
14-Nov-2022 11:10:14.317 INFO [http-nio-8089-exec-45] org.apache.catalina.core.StandardContext.reload Ha comenzado la recarga de Contexto [/VentasPc]
14-Nov-2022 11:10:14.582 INFO [http-nio-8089-exec-45] org.apache.jasper.servlet.TldScanner.scanJars Al menos un JAR, que se ha explorado buscando TLDs, aún no contenía TLDs. Activar historial de depuración para este historiador para una completa lista de los JARs que fueron explorados y de los que nos se halló TLDs. Saltarse JARs no necesarios durante la exploración puede dar lugar a una mejora de tiempo significativa en el arranque y compilación de JSP .
14-Nov-2022 11:10:14.597 INFO [http-nio-8089-exec-45] org.apache.catalina.core.StandardContext.reload Se ha completado la recarga de este Contexto
14-Nov-2022 11:10:14.613 INFO [http-nio-8089-exec-47] org.apache.catalina.core.StandardContext.reload Ha comenzado la recarga de Contexto [/VentasPc]
14-Nov-2022 11:10:14.880 INFO [http-nio-8089-exec-47] org.apache.jasper.servlet.TldScanner.scanJars Al menos un JAR, que se ha explorado buscando TLDs, aún no contenía TLDs. Activar historial de depuración para este historiador para una completa lista de los JARs que fueron explorados y de los que nos se halló TLDs. Saltarse JARs no necesarios durante la exploración puede dar lugar a una mejora de tiempo significativa en el arranque y compilación de JSP .
14-Nov-2022 11:10:14.880 INFO [http-nio-8089-exec-47] org.apache.catalina.core.StandardContext.reload Se ha completado la recarga de este Contexto
14-Nov-2022 11:10:22.594 INFO [http-nio-8089-exec-42] org.apache.catalina.core.StandardContext.reload Ha comenzado la recarga de Contexto [/VentasPc]
14-Nov-2022 11:10:22.860 INFO [http-nio-8089-exec-42] org.apache.jasper.servlet.TldScanner.scanJars Al menos un JAR, que se ha explorado buscando TLDs, aún no contenía TLDs. Activar historial de depuración para este historiador para una completa lista de los JARs que fueron explorados y de los que nos se halló TLDs. Saltarse JARs no necesarios durante la exploración puede dar lugar a una mejora de tiempo significativa en el arranque y compilación de JSP .
14-Nov-2022 11:10:22.875 INFO [http-nio-8089-exec-42] org.apache.catalina.core.StandardContext.reload Se ha completado la recarga de este Contexto
14-Nov-2022 11:11:33.237 INFO [http-nio-8089-exec-35] org.apache.catalina.core.StandardContext.reload Ha comenzado la recarga de Contexto [/VentasPc]
14-Nov-2022 11:11:33.518 INFO [http-nio-8089-exec-35] org.apache.jasper.servlet.TldScanner.scanJars Al menos un JAR, que se ha explorado buscando TLDs, aún no contenía TLDs. Activar historial de depuración para este historiador para una completa lista de los JARs que fueron explorados y de los que nos se halló TLDs. Saltarse JARs no necesarios durante la exploración puede dar lugar a una mejora de tiempo significativa en el arranque y compilación de JSP .
14-Nov-2022 11:11:33.518 INFO [http-nio-8089-exec-35] org.apache.catalina.core.StandardContext.reload Se ha completado la recarga de este Contexto
14-Nov-2022 11:11:45.554 INFO [http-nio-8089-exec-50] org.apache.catalina.core.StandardContext.reload Ha comenzado la recarga de Contexto [/VentasPc]
14-Nov-2022 11:11:45.835 INFO [http-nio-8089-exec-50] org.apache.jasper.servlet.TldScanner.scanJars Al menos un JAR, que se ha explorado buscando TLDs, aún no contenía TLDs. Activar historial de depuración para este historiador para una completa lista de los JARs que fueron explorados y de los que nos se halló TLDs. Saltarse JARs no necesarios durante la exploración puede dar lugar a una mejora de tiempo significativa en el arranque y compilación de JSP .
14-Nov-2022 11:11:45.835 INFO [http-nio-8089-exec-50] org.apache.catalina.core.StandardContext.reload Se ha completado la recarga de este Contexto
14-Nov-2022 11:11:48.631 INFO [http-nio-8089-exec-49] org.apache.catalina.core.StandardContext.reload Ha comenzado la recarga de Contexto [/VentasPc]
14-Nov-2022 11:11:48.897 INFO [http-nio-8089-exec-49] org.apache.jasper.servlet.TldScanner.scanJars Al menos un JAR, que se ha explorado buscando TLDs, aún no contenía TLDs. Activar historial de depuración para este historiador para una completa lista de los JARs que fueron explorados y de los que nos se halló TLDs. Saltarse JARs no necesarios durante la exploración puede dar lugar a una mejora de tiempo significativa en el arranque y compilación de JSP .
14-Nov-2022 11:11:48.897 INFO [http-nio-8089-exec-49] org.apache.catalina.core.StandardContext.reload Se ha completado la recarga de este Contexto
14-Nov-2022 11:30:02.934 INFO [http-nio-8089-exec-57] org.apache.catalina.core.StandardContext.reload Ha comenzado la recarga de Contexto [/VentasPc]
14-Nov-2022 11:30:03.200 INFO [http-nio-8089-exec-57] org.apache.jasper.servlet.TldScanner.scanJars Al menos un JAR, que se ha explorado buscando TLDs, aún no contenía TLDs. Activar historial de depuración para este historiador para una completa lista de los JARs que fueron explorados y de los que nos se halló TLDs. Saltarse JARs no necesarios durante la exploración puede dar lugar a una mejora de tiempo significativa en el arranque y compilación de JSP .
14-Nov-2022 11:30:03.200 INFO [http-nio-8089-exec-57] org.apache.catalina.core.StandardContext.reload Se ha completado la recarga de este Contexto
14-Nov-2022 11:36:51.531 INFO [http-nio-8089-exec-67] org.apache.catalina.core.StandardContext.reload Ha comenzado la recarga de Contexto [/VentasPc]
14-Nov-2022 11:36:51.812 INFO [http-nio-8089-exec-67] org.apache.jasper.servlet.TldScanner.scanJars Al menos un JAR, que se ha explorado buscando TLDs, aún no contenía TLDs. Activar historial de depuración para este historiador para una completa lista de los JARs que fueron explorados y de los que nos se halló TLDs. Saltarse JARs no necesarios durante la exploración puede dar lugar a una mejora de tiempo significativa en el arranque y compilación de JSP .
14-Nov-2022 11:36:51.812 INFO [http-nio-8089-exec-67] org.apache.catalina.core.StandardContext.reload Se ha completado la recarga de este Contexto
14-Nov-2022 11:36:51.827 INFO [http-nio-8089-exec-71] org.apache.catalina.core.StandardContext.reload Ha comenzado la recarga de Contexto [/VentasPc]
14-Nov-2022 11:36:52.092 INFO [http-nio-8089-exec-71] org.apache.jasper.servlet.TldScanner.scanJars Al menos un JAR, que se ha explorado buscando TLDs, aún no contenía TLDs. Activar historial de depuración para este historiador para una completa lista de los JARs que fueron explorados y de los que nos se halló TLDs. Saltarse JARs no necesarios durante la exploración puede dar lugar a una mejora de tiempo significativa en el arranque y compilación de JSP .
14-Nov-2022 11:36:52.092 INFO [http-nio-8089-exec-71] org.apache.catalina.core.StandardContext.reload Se ha completado la recarga de este Contexto
14-Nov-2022 11:38:02.554 INFO [http-nio-8089-exec-65] org.apache.catalina.core.StandardContext.reload Ha comenzado la recarga de Contexto [/VentasPc]
14-Nov-2022 11:38:02.835 INFO [http-nio-8089-exec-65] org.apache.jasper.servlet.TldScanner.scanJars Al menos un JAR, que se ha explorado buscando TLDs, aún no contenía TLDs. Activar historial de depuración para este historiador para una completa lista de los JARs que fueron explorados y de los que nos se halló TLDs. Saltarse JARs no necesarios durante la exploración puede dar lugar a una mejora de tiempo significativa en el arranque y compilación de JSP .
14-Nov-2022 11:38:02.835 INFO [http-nio-8089-exec-65] org.apache.catalina.core.StandardContext.reload Se ha completado la recarga de este Contexto
14-Nov-2022 11:38:59.964 INFO [http-nio-8089-exec-68] org.apache.catalina.core.StandardContext.reload Ha comenzado la recarga de Contexto [/VentasPc]
14-Nov-2022 11:39:00.245 INFO [http-nio-8089-exec-68] org.apache.jasper.servlet.TldScanner.scanJars Al menos un JAR, que se ha explorado buscando TLDs, aún no contenía TLDs. Activar historial de depuración para este historiador para una completa lista de los JARs que fueron explorados y de los que nos se halló TLDs. Saltarse JARs no necesarios durante la exploración puede dar lugar a una mejora de tiempo significativa en el arranque y compilación de JSP .
14-Nov-2022 11:39:00.245 INFO [http-nio-8089-exec-68] org.apache.catalina.core.StandardContext.reload Se ha completado la recarga de este Contexto
14-Nov-2022 11:39:00.260 INFO [http-nio-8089-exec-65] org.apache.catalina.core.StandardContext.reload Ha comenzado la recarga de Contexto [/VentasPc]
14-Nov-2022 11:39:00.541 INFO [http-nio-8089-exec-65] org.apache.jasper.servlet.TldScanner.scanJars Al menos un JAR, que se ha explorado buscando TLDs, aún no contenía TLDs. Activar historial de depuración para este historiador para una completa lista de los JARs que fueron explorados y de los que nos se halló TLDs. Saltarse JARs no necesarios durante la exploración puede dar lugar a una mejora de tiempo significativa en el arranque y compilación de JSP .
14-Nov-2022 11:39:00.541 INFO [http-nio-8089-exec-65] org.apache.catalina.core.StandardContext.reload Se ha completado la recarga de este Contexto
14-Nov-2022 11:39:00.918 INFO [http-nio-8089-exec-70] org.apache.catalina.core.StandardContext.reload Ha comenzado la recarga de Contexto [/VentasPc]
14-Nov-2022 11:39:01.198 INFO [http-nio-8089-exec-70] org.apache.jasper.servlet.TldScanner.scanJars Al menos un JAR, que se ha explorado buscando TLDs, aún no contenía TLDs. Activar historial de depuración para este historiador para una completa lista de los JARs que fueron explorados y de los que nos se halló TLDs. Saltarse JARs no necesarios durante la exploración puede dar lugar a una mejora de tiempo significativa en el arranque y compilación de JSP .
14-Nov-2022 11:39:01.198 INFO [http-nio-8089-exec-70] org.apache.catalina.core.StandardContext.reload Se ha completado la recarga de este Contexto
14-Nov-2022 11:56:22.205 INFO [http-nio-8089-exec-79] org.apache.catalina.core.StandardContext.reload Ha comenzado la recarga de Contexto [/VentasPc]
14-Nov-2022 11:56:22.486 INFO [http-nio-8089-exec-79] org.apache.jasper.servlet.TldScanner.scanJars Al menos un JAR, que se ha explorado buscando TLDs, aún no contenía TLDs. Activar historial de depuración para este historiador para una completa lista de los JARs que fueron explorados y de los que nos se halló TLDs. Saltarse JARs no necesarios durante la exploración puede dar lugar a una mejora de tiempo significativa en el arranque y compilación de JSP .
14-Nov-2022 11:56:22.486 INFO [http-nio-8089-exec-79] org.apache.catalina.core.StandardContext.reload Se ha completado la recarga de este Contexto
14-Nov-2022 12:08:15.233 INFO [http-nio-8089-exec-87] org.apache.catalina.core.StandardContext.reload Ha comenzado la recarga de Contexto [/VentasPc]
14-Nov-2022 12:08:15.311 WARNING [http-nio-8089-exec-87] org.apache.catalina.loader.WebappClassLoaderBase.clearReferencesJdbc La aplicación web [VentasPc] registró el conductor JDBC [com.mysql.cj.jdbc.Driver] pero falló al anular el registro mientras la aplicación web estaba parada. Para prevenir un fallo de memoria, se ha anulado el registro del conductor JDBC por la fuerza.
14-Nov-2022 12:08:15.311 WARNING [http-nio-8089-exec-87] org.apache.catalina.loader.WebappClassLoaderBase.clearReferencesThreads The web application [VentasPc] appears to have started a thread named [mysql-cj-abandoned-connection-cleanup] but has failed to stop it. This is very likely to create a memory leak. Stack trace of thread:
 java.base@13/java.lang.Object.wait(Native Method)
 java.base@13/java.lang.ref.ReferenceQueue.remove(ReferenceQueue.java:155)
 com.mysql.cj.jdbc.AbandonedConnectionCleanupThread.run(AbandonedConnectionCleanupThread.java:91)
 java.base@13/java.util.concurrent.ThreadPoolExecutor.runWorker(ThreadPoolExecutor.java:1128)
 java.base@13/java.util.concurrent.ThreadPoolExecutor$Worker.run(ThreadPoolExecutor.java:628)
 java.base@13/java.lang.Thread.run(Thread.java:830)
14-Nov-2022 12:08:15.592 INFO [http-nio-8089-exec-87] org.apache.jasper.servlet.TldScanner.scanJars Al menos un JAR, que se ha explorado buscando TLDs, aún no contenía TLDs. Activar historial de depuración para este historiador para una completa lista de los JARs que fueron explorados y de los que nos se halló TLDs. Saltarse JARs no necesarios durante la exploración puede dar lugar a una mejora de tiempo significativa en el arranque y compilación de JSP .
14-Nov-2022 12:08:15.592 INFO [http-nio-8089-exec-87] org.apache.catalina.core.StandardContext.reload Se ha completado la recarga de este Contexto
14-Nov-2022 12:08:19.297 INFO [mysql-cj-abandoned-connection-cleanup] org.apache.catalina.loader.WebappClassLoaderBase.checkStateForResourceLoading Acceso ilegal: esta instancia de aplicación web ya ha sido parada.  Could not load [].  La eventual traza de pila que sigue ha sido motivada por un error lanzado con motivos de depuración así como para intentar terminar el hilo que motivó el acceso ilegal y no tiene impacto funcional.
	java.lang.IllegalStateException: Acceso ilegal: esta instancia de aplicación web ya ha sido parada.  Could not load [].  La eventual traza de pila que sigue ha sido motivada por un error lanzado con motivos de depuración así como para intentar terminar el hilo que motivó el acceso ilegal y no tiene impacto funcional.
		at org.apache.catalina.loader.WebappClassLoaderBase.checkStateForResourceLoading(WebappClassLoaderBase.java:1385)
		at org.apache.catalina.loader.WebappClassLoaderBase.getResource(WebappClassLoaderBase.java:1038)
		at com.mysql.cj.jdbc.AbandonedConnectionCleanupThread.checkThreadContextClassLoader(AbandonedConnectionCleanupThread.java:123)
		at com.mysql.cj.jdbc.AbandonedConnectionCleanupThread.run(AbandonedConnectionCleanupThread.java:90)
		at java.base/java.util.concurrent.ThreadPoolExecutor.runWorker(ThreadPoolExecutor.java:1128)
		at java.base/java.util.concurrent.ThreadPoolExecutor$Worker.run(ThreadPoolExecutor.java:628)
		at java.base/java.lang.Thread.run(Thread.java:830)
14-Nov-2022 12:08:38.745 INFO [http-nio-8089-exec-92] org.apache.catalina.core.StandardContext.reload Ha comenzado la recarga de Contexto [/VentasPc]
14-Nov-2022 12:08:39.026 INFO [http-nio-8089-exec-92] org.apache.jasper.servlet.TldScanner.scanJars Al menos un JAR, que se ha explorado buscando TLDs, aún no contenía TLDs. Activar historial de depuración para este historiador para una completa lista de los JARs que fueron explorados y de los que nos se halló TLDs. Saltarse JARs no necesarios durante la exploración puede dar lugar a una mejora de tiempo significativa en el arranque y compilación de JSP .
14-Nov-2022 12:08:39.026 INFO [http-nio-8089-exec-92] org.apache.catalina.core.StandardContext.reload Se ha completado la recarga de este Contexto
14-Nov-2022 12:10:39.453 INFO [http-nio-8089-exec-99] org.apache.catalina.core.StandardContext.reload Ha comenzado la recarga de Contexto [/VentasPc]
14-Nov-2022 12:10:39.500 WARNING [http-nio-8089-exec-99] org.apache.catalina.loader.WebappClassLoaderBase.clearReferencesJdbc La aplicación web [VentasPc] registró el conductor JDBC [com.mysql.cj.jdbc.Driver] pero falló al anular el registro mientras la aplicación web estaba parada. Para prevenir un fallo de memoria, se ha anulado el registro del conductor JDBC por la fuerza.
14-Nov-2022 12:10:39.500 WARNING [http-nio-8089-exec-99] org.apache.catalina.loader.WebappClassLoaderBase.clearReferencesThreads The web application [VentasPc] appears to have started a thread named [mysql-cj-abandoned-connection-cleanup] but has failed to stop it. This is very likely to create a memory leak. Stack trace of thread:
 java.base@13/java.lang.Object.wait(Native Method)
 java.base@13/java.lang.ref.ReferenceQueue.remove(ReferenceQueue.java:155)
 com.mysql.cj.jdbc.AbandonedConnectionCleanupThread.run(AbandonedConnectionCleanupThread.java:91)
 java.base@13/java.util.concurrent.ThreadPoolExecutor.runWorker(ThreadPoolExecutor.java:1128)
 java.base@13/java.util.concurrent.ThreadPoolExecutor$Worker.run(ThreadPoolExecutor.java:628)
 java.base@13/java.lang.Thread.run(Thread.java:830)
14-Nov-2022 12:10:39.546 INFO [mysql-cj-abandoned-connection-cleanup] org.apache.catalina.loader.WebappClassLoaderBase.checkStateForResourceLoading Acceso ilegal: esta instancia de aplicación web ya ha sido parada.  Could not load [com.mysql.cj.protocol.ExportControlled].  La eventual traza de pila que sigue ha sido motivada por un error lanzado con motivos de depuración así como para intentar terminar el hilo que motivó el acceso ilegal y no tiene impacto funcional.
	java.lang.IllegalStateException: Acceso ilegal: esta instancia de aplicación web ya ha sido parada.  Could not load [com.mysql.cj.protocol.ExportControlled].  La eventual traza de pila que sigue ha sido motivada por un error lanzado con motivos de depuración así como para intentar terminar el hilo que motivó el acceso ilegal y no tiene impacto funcional.
		at org.apache.catalina.loader.WebappClassLoaderBase.checkStateForResourceLoading(WebappClassLoaderBase.java:1385)
		at org.apache.catalina.loader.WebappClassLoaderBase.checkStateForClassLoading(WebappClassLoaderBase.java:1373)
		at org.apache.catalina.loader.WebappClassLoaderBase.loadClass(WebappClassLoaderBase.java:1226)
		at org.apache.catalina.loader.WebappClassLoaderBase.loadClass(WebappClassLoaderBase.java:1188)
		at com.mysql.cj.protocol.NetworkResources.forceClose(NetworkResources.java:53)
		at com.mysql.cj.jdbc.AbandonedConnectionCleanupThread$ConnectionFinalizerPhantomReference.finalizeResources(AbandonedConnectionCleanupThread.java:248)
		at com.mysql.cj.jdbc.AbandonedConnectionCleanupThread.finalizeResource(AbandonedConnectionCleanupThread.java:226)
		at com.mysql.cj.jdbc.AbandonedConnectionCleanupThread.run(AbandonedConnectionCleanupThread.java:93)
		at java.base/java.util.concurrent.ThreadPoolExecutor.runWorker(ThreadPoolExecutor.java:1128)
		at java.base/java.util.concurrent.ThreadPoolExecutor$Worker.run(ThreadPoolExecutor.java:628)
		at java.base/java.lang.Thread.run(Thread.java:830)
14-Nov-2022 12:10:39.780 INFO [http-nio-8089-exec-99] org.apache.jasper.servlet.TldScanner.scanJars Al menos un JAR, que se ha explorado buscando TLDs, aún no contenía TLDs. Activar historial de depuración para este historiador para una completa lista de los JARs que fueron explorados y de los que nos se halló TLDs. Saltarse JARs no necesarios durante la exploración puede dar lugar a una mejora de tiempo significativa en el arranque y compilación de JSP .
14-Nov-2022 12:10:39.780 INFO [http-nio-8089-exec-99] org.apache.catalina.core.StandardContext.reload Se ha completado la recarga de este Contexto
14-Nov-2022 12:10:49.647 INFO [http-nio-8089-exec-100] org.apache.catalina.core.StandardContext.reload Ha comenzado la recarga de Contexto [/VentasPc]
14-Nov-2022 12:10:49.913 INFO [http-nio-8089-exec-100] org.apache.jasper.servlet.TldScanner.scanJars Al menos un JAR, que se ha explorado buscando TLDs, aún no contenía TLDs. Activar historial de depuración para este historiador para una completa lista de los JARs que fueron explorados y de los que nos se halló TLDs. Saltarse JARs no necesarios durante la exploración puede dar lugar a una mejora de tiempo significativa en el arranque y compilación de JSP .
14-Nov-2022 12:10:49.913 INFO [http-nio-8089-exec-100] org.apache.catalina.core.StandardContext.reload Se ha completado la recarga de este Contexto
14-Nov-2022 12:13:25.695 INFO [http-nio-8089-exec-109] org.apache.catalina.core.StandardContext.reload Ha comenzado la recarga de Contexto [/VentasPc]
14-Nov-2022 12:13:25.726 WARNING [http-nio-8089-exec-109] org.apache.catalina.loader.WebappClassLoaderBase.clearReferencesJdbc La aplicación web [VentasPc] registró el conductor JDBC [com.mysql.cj.jdbc.Driver] pero falló al anular el registro mientras la aplicación web estaba parada. Para prevenir un fallo de memoria, se ha anulado el registro del conductor JDBC por la fuerza.
14-Nov-2022 12:13:25.726 WARNING [http-nio-8089-exec-109] org.apache.catalina.loader.WebappClassLoaderBase.clearReferencesThreads The web application [VentasPc] appears to have started a thread named [mysql-cj-abandoned-connection-cleanup] but has failed to stop it. This is very likely to create a memory leak. Stack trace of thread:
 java.base@13/java.lang.Object.wait(Native Method)
 java.base@13/java.lang.ref.ReferenceQueue.remove(ReferenceQueue.java:155)
 com.mysql.cj.jdbc.AbandonedConnectionCleanupThread.run(AbandonedConnectionCleanupThread.java:91)
 java.base@13/java.util.concurrent.ThreadPoolExecutor.runWorker(ThreadPoolExecutor.java:1128)
 java.base@13/java.util.concurrent.ThreadPoolExecutor$Worker.run(ThreadPoolExecutor.java:628)
 java.base@13/java.lang.Thread.run(Thread.java:830)
14-Nov-2022 12:13:25.991 INFO [http-nio-8089-exec-109] org.apache.jasper.servlet.TldScanner.scanJars Al menos un JAR, que se ha explorado buscando TLDs, aún no contenía TLDs. Activar historial de depuración para este historiador para una completa lista de los JARs que fueron explorados y de los que nos se halló TLDs. Saltarse JARs no necesarios durante la exploración puede dar lugar a una mejora de tiempo significativa en el arranque y compilación de JSP .
14-Nov-2022 12:13:25.991 INFO [http-nio-8089-exec-109] org.apache.catalina.core.StandardContext.reload Se ha completado la recarga de este Contexto
14-Nov-2022 12:13:27.458 INFO [mysql-cj-abandoned-connection-cleanup] org.apache.catalina.loader.WebappClassLoaderBase.checkStateForResourceLoading Acceso ilegal: esta instancia de aplicación web ya ha sido parada.  Could not load [].  La eventual traza de pila que sigue ha sido motivada por un error lanzado con motivos de depuración así como para intentar terminar el hilo que motivó el acceso ilegal y no tiene impacto funcional.
	java.lang.IllegalStateException: Acceso ilegal: esta instancia de aplicación web ya ha sido parada.  Could not load [].  La eventual traza de pila que sigue ha sido motivada por un error lanzado con motivos de depuración así como para intentar terminar el hilo que motivó el acceso ilegal y no tiene impacto funcional.
		at org.apache.catalina.loader.WebappClassLoaderBase.checkStateForResourceLoading(WebappClassLoaderBase.java:1385)
		at org.apache.catalina.loader.WebappClassLoaderBase.getResource(WebappClassLoaderBase.java:1038)
		at com.mysql.cj.jdbc.AbandonedConnectionCleanupThread.checkThreadContextClassLoader(AbandonedConnectionCleanupThread.java:123)
		at com.mysql.cj.jdbc.AbandonedConnectionCleanupThread.run(AbandonedConnectionCleanupThread.java:90)
		at java.base/java.util.concurrent.ThreadPoolExecutor.runWorker(ThreadPoolExecutor.java:1128)
		at java.base/java.util.concurrent.ThreadPoolExecutor$Worker.run(ThreadPoolExecutor.java:628)
		at java.base/java.lang.Thread.run(Thread.java:830)
14-Nov-2022 12:13:41.796 INFO [http-nio-8089-exec-99] org.apache.catalina.core.StandardContext.reload Ha comenzado la recarga de Contexto [/VentasPc]
14-Nov-2022 12:13:42.077 INFO [http-nio-8089-exec-99] org.apache.jasper.servlet.TldScanner.scanJars Al menos un JAR, que se ha explorado buscando TLDs, aún no contenía TLDs. Activar historial de depuración para este historiador para una completa lista de los JARs que fueron explorados y de los que nos se halló TLDs. Saltarse JARs no necesarios durante la exploración puede dar lugar a una mejora de tiempo significativa en el arranque y compilación de JSP .
14-Nov-2022 12:13:42.093 INFO [http-nio-8089-exec-99] org.apache.catalina.core.StandardContext.reload Se ha completado la recarga de este Contexto
14-Nov-2022 12:13:49.342 INFO [http-nio-8089-exec-91] org.apache.catalina.core.StandardContext.reload Ha comenzado la recarga de Contexto [/VentasPc]
14-Nov-2022 12:13:49.608 INFO [http-nio-8089-exec-91] org.apache.jasper.servlet.TldScanner.scanJars Al menos un JAR, que se ha explorado buscando TLDs, aún no contenía TLDs. Activar historial de depuración para este historiador para una completa lista de los JARs que fueron explorados y de los que nos se halló TLDs. Saltarse JARs no necesarios durante la exploración puede dar lugar a una mejora de tiempo significativa en el arranque y compilación de JSP .
14-Nov-2022 12:13:49.623 INFO [http-nio-8089-exec-91] org.apache.catalina.core.StandardContext.reload Se ha completado la recarga de este Contexto
14-Nov-2022 12:28:57.582 INFO [http-nio-8089-exec-118] org.apache.catalina.core.StandardContext.reload Ha comenzado la recarga de Contexto [/VentasPc]
14-Nov-2022 12:28:57.676 WARNING [http-nio-8089-exec-118] org.apache.catalina.loader.WebappClassLoaderBase.clearReferencesJdbc La aplicación web [VentasPc] registró el conductor JDBC [com.mysql.cj.jdbc.Driver] pero falló al anular el registro mientras la aplicación web estaba parada. Para prevenir un fallo de memoria, se ha anulado el registro del conductor JDBC por la fuerza.
14-Nov-2022 12:28:57.676 WARNING [http-nio-8089-exec-118] org.apache.catalina.loader.WebappClassLoaderBase.clearReferencesThreads The web application [VentasPc] appears to have started a thread named [mysql-cj-abandoned-connection-cleanup] but has failed to stop it. This is very likely to create a memory leak. Stack trace of thread:
 java.base@13/java.lang.Object.wait(Native Method)
 java.base@13/java.lang.ref.ReferenceQueue.remove(ReferenceQueue.java:155)
 com.mysql.cj.jdbc.AbandonedConnectionCleanupThread.run(AbandonedConnectionCleanupThread.java:91)
 java.base@13/java.util.concurrent.ThreadPoolExecutor.runWorker(ThreadPoolExecutor.java:1128)
 java.base@13/java.util.concurrent.ThreadPoolExecutor$Worker.run(ThreadPoolExecutor.java:628)
 java.base@13/java.lang.Thread.run(Thread.java:830)
14-Nov-2022 12:28:57.738 INFO [mysql-cj-abandoned-connection-cleanup] org.apache.catalina.loader.WebappClassLoaderBase.checkStateForResourceLoading Acceso ilegal: esta instancia de aplicación web ya ha sido parada.  Could not load [com.mysql.cj.protocol.ExportControlled].  La eventual traza de pila que sigue ha sido motivada por un error lanzado con motivos de depuración así como para intentar terminar el hilo que motivó el acceso ilegal y no tiene impacto funcional.
	java.lang.IllegalStateException: Acceso ilegal: esta instancia de aplicación web ya ha sido parada.  Could not load [com.mysql.cj.protocol.ExportControlled].  La eventual traza de pila que sigue ha sido motivada por un error lanzado con motivos de depuración así como para intentar terminar el hilo que motivó el acceso ilegal y no tiene impacto funcional.
		at org.apache.catalina.loader.WebappClassLoaderBase.checkStateForResourceLoading(WebappClassLoaderBase.java:1385)
		at org.apache.catalina.loader.WebappClassLoaderBase.checkStateForClassLoading(WebappClassLoaderBase.java:1373)
		at org.apache.catalina.loader.WebappClassLoaderBase.loadClass(WebappClassLoaderBase.java:1226)
		at org.apache.catalina.loader.WebappClassLoaderBase.loadClass(WebappClassLoaderBase.java:1188)
		at com.mysql.cj.protocol.NetworkResources.forceClose(NetworkResources.java:53)
		at com.mysql.cj.jdbc.AbandonedConnectionCleanupThread$ConnectionFinalizerPhantomReference.finalizeResources(AbandonedConnectionCleanupThread.java:248)
		at com.mysql.cj.jdbc.AbandonedConnectionCleanupThread.finalizeResource(AbandonedConnectionCleanupThread.java:226)
		at com.mysql.cj.jdbc.AbandonedConnectionCleanupThread.run(AbandonedConnectionCleanupThread.java:93)
		at java.base/java.util.concurrent.ThreadPoolExecutor.runWorker(ThreadPoolExecutor.java:1128)
		at java.base/java.util.concurrent.ThreadPoolExecutor$Worker.run(ThreadPoolExecutor.java:628)
		at java.base/java.lang.Thread.run(Thread.java:830)
14-Nov-2022 12:28:57.972 INFO [http-nio-8089-exec-118] org.apache.jasper.servlet.TldScanner.scanJars Al menos un JAR, que se ha explorado buscando TLDs, aún no contenía TLDs. Activar historial de depuración para este historiador para una completa lista de los JARs que fueron explorados y de los que nos se halló TLDs. Saltarse JARs no necesarios durante la exploración puede dar lugar a una mejora de tiempo significativa en el arranque y compilación de JSP .
14-Nov-2022 12:28:57.972 INFO [http-nio-8089-exec-118] org.apache.catalina.core.StandardContext.reload Se ha completado la recarga de este Contexto
14-Nov-2022 12:29:18.544 INFO [http-nio-8089-exec-116] org.apache.catalina.core.StandardContext.reload Ha comenzado la recarga de Contexto [/VentasPc]
14-Nov-2022 12:29:18.809 INFO [http-nio-8089-exec-116] org.apache.jasper.servlet.TldScanner.scanJars Al menos un JAR, que se ha explorado buscando TLDs, aún no contenía TLDs. Activar historial de depuración para este historiador para una completa lista de los JARs que fueron explorados y de los que nos se halló TLDs. Saltarse JARs no necesarios durante la exploración puede dar lugar a una mejora de tiempo significativa en el arranque y compilación de JSP .
14-Nov-2022 12:29:18.809 INFO [http-nio-8089-exec-116] org.apache.catalina.core.StandardContext.reload Se ha completado la recarga de este Contexto
14-Nov-2022 12:29:18.825 INFO [http-nio-8089-exec-117] org.apache.catalina.core.StandardContext.reload Ha comenzado la recarga de Contexto [/VentasPc]
14-Nov-2022 12:29:19.106 INFO [http-nio-8089-exec-117] org.apache.jasper.servlet.TldScanner.scanJars Al menos un JAR, que se ha explorado buscando TLDs, aún no contenía TLDs. Activar historial de depuración para este historiador para una completa lista de los JARs que fueron explorados y de los que nos se halló TLDs. Saltarse JARs no necesarios durante la exploración puede dar lugar a una mejora de tiempo significativa en el arranque y compilación de JSP .
14-Nov-2022 12:29:19.106 INFO [http-nio-8089-exec-117] org.apache.catalina.core.StandardContext.reload Se ha completado la recarga de este Contexto
14-Nov-2022 12:29:34.790 INFO [http-nio-8089-exec-117] org.apache.catalina.core.StandardContext.reload Ha comenzado la recarga de Contexto [/VentasPc]
14-Nov-2022 12:29:35.055 INFO [http-nio-8089-exec-117] org.apache.jasper.servlet.TldScanner.scanJars Al menos un JAR, que se ha explorado buscando TLDs, aún no contenía TLDs. Activar historial de depuración para este historiador para una completa lista de los JARs que fueron explorados y de los que nos se halló TLDs. Saltarse JARs no necesarios durante la exploración puede dar lugar a una mejora de tiempo significativa en el arranque y compilación de JSP .
14-Nov-2022 12:29:35.055 INFO [http-nio-8089-exec-117] org.apache.catalina.core.StandardContext.reload Se ha completado la recarga de este Contexto
14-Nov-2022 12:29:35.055 INFO [http-nio-8089-exec-127] org.apache.catalina.core.StandardContext.reload Ha comenzado la recarga de Contexto [/VentasPc]
14-Nov-2022 12:29:35.393 INFO [http-nio-8089-exec-127] org.apache.jasper.servlet.TldScanner.scanJars Al menos un JAR, que se ha explorado buscando TLDs, aún no contenía TLDs. Activar historial de depuración para este historiador para una completa lista de los JARs que fueron explorados y de los que nos se halló TLDs. Saltarse JARs no necesarios durante la exploración puede dar lugar a una mejora de tiempo significativa en el arranque y compilación de JSP .
14-Nov-2022 12:29:35.396 INFO [http-nio-8089-exec-127] org.apache.catalina.core.StandardContext.reload Se ha completado la recarga de este Contexto
14-Nov-2022 12:33:45.217 WARNING [http-nio-8089-exec-132] org.apache.catalina.loader.WebappClassLoaderBase.clearReferencesJdbc La aplicación web [VentasPc] registró el conductor JDBC [com.mysql.cj.jdbc.Driver] pero falló al anular el registro mientras la aplicación web estaba parada. Para prevenir un fallo de memoria, se ha anulado el registro del conductor JDBC por la fuerza.
14-Nov-2022 12:33:45.217 WARNING [http-nio-8089-exec-132] org.apache.catalina.loader.WebappClassLoaderBase.clearReferencesThreads The web application [VentasPc] appears to have started a thread named [mysql-cj-abandoned-connection-cleanup] but has failed to stop it. This is very likely to create a memory leak. Stack trace of thread:
 java.base@13/java.lang.Object.wait(Native Method)
 java.base@13/java.lang.ref.ReferenceQueue.remove(ReferenceQueue.java:155)
 com.mysql.cj.jdbc.AbandonedConnectionCleanupThread.run(AbandonedConnectionCleanupThread.java:91)
 java.base@13/java.util.concurrent.ThreadPoolExecutor.runWorker(ThreadPoolExecutor.java:1128)
 java.base@13/java.util.concurrent.ThreadPoolExecutor$Worker.run(ThreadPoolExecutor.java:628)
 java.base@13/java.lang.Thread.run(Thread.java:830)
14-Nov-2022 12:33:45.467 INFO [mysql-cj-abandoned-connection-cleanup] org.apache.catalina.loader.WebappClassLoaderBase.checkStateForResourceLoading Acceso ilegal: esta instancia de aplicación web ya ha sido parada.  Could not load [com.mysql.cj.protocol.ExportControlled].  La eventual traza de pila que sigue ha sido motivada por un error lanzado con motivos de depuración así como para intentar terminar el hilo que motivó el acceso ilegal y no tiene impacto funcional.
	java.lang.IllegalStateException: Acceso ilegal: esta instancia de aplicación web ya ha sido parada.  Could not load [com.mysql.cj.protocol.ExportControlled].  La eventual traza de pila que sigue ha sido motivada por un error lanzado con motivos de depuración así como para intentar terminar el hilo que motivó el acceso ilegal y no tiene impacto funcional.
		at org.apache.catalina.loader.WebappClassLoaderBase.checkStateForResourceLoading(WebappClassLoaderBase.java:1385)
		at org.apache.catalina.loader.WebappClassLoaderBase.checkStateForClassLoading(WebappClassLoaderBase.java:1373)
		at org.apache.catalina.loader.WebappClassLoaderBase.loadClass(WebappClassLoaderBase.java:1226)
		at org.apache.catalina.loader.WebappClassLoaderBase.loadClass(WebappClassLoaderBase.java:1188)
		at com.mysql.cj.protocol.NetworkResources.forceClose(NetworkResources.java:53)
		at com.mysql.cj.jdbc.AbandonedConnectionCleanupThread$ConnectionFinalizerPhantomReference.finalizeResources(AbandonedConnectionCleanupThread.java:248)
		at com.mysql.cj.jdbc.AbandonedConnectionCleanupThread.finalizeResource(AbandonedConnectionCleanupThread.java:226)
		at com.mysql.cj.jdbc.AbandonedConnectionCleanupThread.run(AbandonedConnectionCleanupThread.java:93)
		at java.base/java.util.concurrent.ThreadPoolExecutor.runWorker(ThreadPoolExecutor.java:1128)
		at java.base/java.util.concurrent.ThreadPoolExecutor$Worker.run(ThreadPoolExecutor.java:628)
		at java.base/java.lang.Thread.run(Thread.java:830)
14-Nov-2022 12:33:45.697 INFO [http-nio-8089-exec-131] org.apache.jasper.servlet.TldScanner.scanJars Al menos un JAR, que se ha explorado buscando TLDs, aún no contenía TLDs. Activar historial de depuración para este historiador para una completa lista de los JARs que fueron explorados y de los que nos se halló TLDs. Saltarse JARs no necesarios durante la exploración puede dar lugar a una mejora de tiempo significativa en el arranque y compilación de JSP .
14-Nov-2022 12:33:45.717 INFO [http-nio-8089-exec-130] org.apache.catalina.core.StandardContext.reload Ha comenzado la recarga de Contexto [/VentasPc]
14-Nov-2022 12:33:46.027 INFO [http-nio-8089-exec-130] org.apache.jasper.servlet.TldScanner.scanJars Al menos un JAR, que se ha explorado buscando TLDs, aún no contenía TLDs. Activar historial de depuración para este historiador para una completa lista de los JARs que fueron explorados y de los que nos se halló TLDs. Saltarse JARs no necesarios durante la exploración puede dar lugar a una mejora de tiempo significativa en el arranque y compilación de JSP .
14-Nov-2022 12:33:46.027 INFO [http-nio-8089-exec-130] org.apache.catalina.core.StandardContext.reload Se ha completado la recarga de este Contexto
14-Nov-2022 12:33:46.377 INFO [Catalina-utility-1] org.apache.catalina.startup.HostConfig.reload Falló la recarga del contexto [/VentasPc]
14-Nov-2022 12:33:46.377 INFO [Catalina-utility-1] org.apache.catalina.core.StandardContext.reload Ha comenzado la recarga de Contexto [/VentasPc]
14-Nov-2022 12:33:46.667 INFO [Catalina-utility-1] org.apache.jasper.servlet.TldScanner.scanJars Al menos un JAR, que se ha explorado buscando TLDs, aún no contenía TLDs. Activar historial de depuración para este historiador para una completa lista de los JARs que fueron explorados y de los que nos se halló TLDs. Saltarse JARs no necesarios durante la exploración puede dar lugar a una mejora de tiempo significativa en el arranque y compilación de JSP .
14-Nov-2022 12:33:46.667 INFO [Catalina-utility-1] org.apache.catalina.core.StandardContext.reload Se ha completado la recarga de este Contexto
14-Nov-2022 12:33:47.097 INFO [http-nio-8089-exec-121] org.apache.catalina.core.StandardContext.reload Ha comenzado la recarga de Contexto [/VentasPc]
14-Nov-2022 12:33:47.367 INFO [http-nio-8089-exec-121] org.apache.jasper.servlet.TldScanner.scanJars Al menos un JAR, que se ha explorado buscando TLDs, aún no contenía TLDs. Activar historial de depuración para este historiador para una completa lista de los JARs que fueron explorados y de los que nos se halló TLDs. Saltarse JARs no necesarios durante la exploración puede dar lugar a una mejora de tiempo significativa en el arranque y compilación de JSP .
14-Nov-2022 12:33:47.437 INFO [http-nio-8089-exec-121] org.apache.catalina.core.StandardContext.reload Se ha completado la recarga de este Contexto
14-Nov-2022 12:37:25.600 INFO [http-nio-8089-exec-143] org.apache.catalina.core.StandardContext.reload Ha comenzado la recarga de Contexto [/VentasPc]
14-Nov-2022 12:37:25.898 INFO [http-nio-8089-exec-143] org.apache.jasper.servlet.TldScanner.scanJars Al menos un JAR, que se ha explorado buscando TLDs, aún no contenía TLDs. Activar historial de depuración para este historiador para una completa lista de los JARs que fueron explorados y de los que nos se halló TLDs. Saltarse JARs no necesarios durante la exploración puede dar lugar a una mejora de tiempo significativa en el arranque y compilación de JSP .
14-Nov-2022 12:37:25.898 INFO [http-nio-8089-exec-143] org.apache.catalina.core.StandardContext.reload Se ha completado la recarga de este Contexto
14-Nov-2022 12:38:26.052 INFO [http-nio-8089-exec-133] org.apache.catalina.core.StandardContext.reload Ha comenzado la recarga de Contexto [/VentasPc]
14-Nov-2022 12:38:26.333 INFO [http-nio-8089-exec-133] org.apache.jasper.servlet.TldScanner.scanJars Al menos un JAR, que se ha explorado buscando TLDs, aún no contenía TLDs. Activar historial de depuración para este historiador para una completa lista de los JARs que fueron explorados y de los que nos se halló TLDs. Saltarse JARs no necesarios durante la exploración puede dar lugar a una mejora de tiempo significativa en el arranque y compilación de JSP .
14-Nov-2022 12:38:26.333 INFO [http-nio-8089-exec-133] org.apache.catalina.core.StandardContext.reload Se ha completado la recarga de este Contexto
14-Nov-2022 12:39:17.723 INFO [http-nio-8089-exec-121] org.apache.catalina.core.StandardContext.reload Ha comenzado la recarga de Contexto [/VentasPc]
14-Nov-2022 12:39:17.988 INFO [http-nio-8089-exec-121] org.apache.jasper.servlet.TldScanner.scanJars Al menos un JAR, que se ha explorado buscando TLDs, aún no contenía TLDs. Activar historial de depuración para este historiador para una completa lista de los JARs que fueron explorados y de los que nos se halló TLDs. Saltarse JARs no necesarios durante la exploración puede dar lugar a una mejora de tiempo significativa en el arranque y compilación de JSP .
14-Nov-2022 12:39:18.003 INFO [http-nio-8089-exec-121] org.apache.catalina.core.StandardContext.reload Se ha completado la recarga de este Contexto
