16-Nov-2022 00:12:43.121 INFO [http-nio-8089-exec-77] org.apache.catalina.core.ApplicationContext.log Manager: list: Listing contexts for virtual host 'localhost'
16-Nov-2022 00:12:43.127 INFO [http-nio-8089-exec-74] org.apache.catalina.core.ApplicationContext.log Manager: restart: Reloading web application '/VentasPc'
16-Nov-2022 00:12:44.407 INFO [http-nio-8089-exec-77] org.apache.catalina.core.ApplicationContext.log Manager: list: Listing contexts for virtual host 'localhost'
16-Nov-2022 00:12:44.418 INFO [http-nio-8089-exec-71] org.apache.catalina.core.ApplicationContext.log Manager: restart: Reloading web application '/VentasPc'
16-Nov-2022 00:12:46.554 INFO [http-nio-8089-exec-77] org.apache.catalina.core.ApplicationContext.log Manager: list: Listing contexts for virtual host 'localhost'
16-Nov-2022 00:12:46.705 INFO [http-nio-8089-exec-82] org.apache.catalina.core.ApplicationContext.log Manager: list: Listing contexts for virtual host 'localhost'
16-Nov-2022 00:12:46.713 INFO [http-nio-8089-exec-80] org.apache.catalina.core.ApplicationContext.log Manager: restart: Reloading web application '/VentasPc'
16-Nov-2022 00:13:03.045 INFO [http-nio-8089-exec-72] org.apache.catalina.core.ApplicationContext.log Manager: list: Listing contexts for virtual host 'localhost'
16-Nov-2022 00:13:03.051 INFO [http-nio-8089-exec-75] org.apache.catalina.core.ApplicationContext.log Manager: restart: Reloading web application '/VentasPc'
16-Nov-2022 00:13:03.988 INFO [http-nio-8089-exec-79] org.apache.catalina.core.ApplicationContext.log Manager: list: Listing contexts for virtual host 'localhost'
16-Nov-2022 00:13:04.004 INFO [http-nio-8089-exec-82] org.apache.catalina.core.ApplicationContext.log Manager: restart: Reloading web application '/VentasPc'
16-Nov-2022 00:13:17.462 INFO [http-nio-8089-exec-75] org.apache.catalina.core.ApplicationContext.log Manager: list: Listing contexts for virtual host 'localhost'
16-Nov-2022 00:13:17.470 INFO [http-nio-8089-exec-76] org.apache.catalina.core.ApplicationContext.log Manager: restart: Reloading web application '/VentasPc'
16-Nov-2022 00:13:18.503 INFO [http-nio-8089-exec-83] org.apache.catalina.core.ApplicationContext.log Manager: list: Listing contexts for virtual host 'localhost'
16-Nov-2022 00:13:18.507 INFO [http-nio-8089-exec-86] org.apache.catalina.core.ApplicationContext.log Manager: restart: Reloading web application '/VentasPc'
16-Nov-2022 00:13:24.174 INFO [http-nio-8089-exec-87] org.apache.catalina.core.ApplicationContext.log Manager: list: Listing contexts for virtual host 'localhost'
16-Nov-2022 00:13:24.178 INFO [http-nio-8089-exec-76] org.apache.catalina.core.ApplicationContext.log Manager: restart: Reloading web application '/VentasPc'
16-Nov-2022 00:16:22.352 INFO [http-nio-8089-exec-86] org.apache.catalina.core.ApplicationContext.log Manager: list: Listing contexts for virtual host 'localhost'
16-Nov-2022 00:16:22.357 INFO [http-nio-8089-exec-91] org.apache.catalina.core.ApplicationContext.log Manager: restart: Reloading web application '/VentasPc'
16-Nov-2022 00:16:50.266 INFO [http-nio-8089-exec-71] org.apache.catalina.core.ApplicationContext.log Manager: list: Listing contexts for virtual host 'localhost'
16-Nov-2022 00:16:50.273 INFO [http-nio-8089-exec-87] org.apache.catalina.core.ApplicationContext.log Manager: restart: Reloading web application '/VentasPc'
16-Nov-2022 00:16:53.844 INFO [http-nio-8089-exec-93] org.apache.catalina.core.ApplicationContext.log Manager: list: Listing contexts for virtual host 'localhost'
16-Nov-2022 00:16:53.847 INFO [http-nio-8089-exec-87] org.apache.catalina.core.ApplicationContext.log Manager: list: Listing contexts for virtual host 'localhost'
16-Nov-2022 00:16:53.866 INFO [http-nio-8089-exec-89] org.apache.catalina.core.ApplicationContext.log Manager: restart: Reloading web application '/VentasPc'
16-Nov-2022 00:18:38.926 INFO [http-nio-8089-exec-90] org.apache.catalina.core.ApplicationContext.log Manager: list: Listing contexts for virtual host 'localhost'
16-Nov-2022 00:18:38.931 INFO [http-nio-8089-exec-96] org.apache.catalina.core.ApplicationContext.log Manager: restart: Reloading web application '/VentasPc'
16-Nov-2022 00:18:47.180 INFO [http-nio-8089-exec-3] org.apache.catalina.core.ApplicationContext.log Manager: init: Associated with Deployer 'Catalina:type=Deployer,host=localhost'
16-Nov-2022 00:18:47.180 INFO [http-nio-8089-exec-3] org.apache.catalina.core.ApplicationContext.log Manager: init: Global resources are available
16-Nov-2022 00:18:47.985 INFO [http-nio-8089-exec-2] org.apache.catalina.core.ApplicationContext.log Manager: list: Listing contexts for virtual host 'localhost'
16-Nov-2022 00:18:47.996 INFO [http-nio-8089-exec-5] org.apache.catalina.core.ApplicationContext.log Manager: list: Listing contexts for virtual host 'localhost'
16-Nov-2022 00:18:48.005 INFO [http-nio-8089-exec-8] org.apache.catalina.core.ApplicationContext.log Manager: undeploy: Undeploying web application at '/VentasPc'
16-Nov-2022 00:18:48.569 INFO [http-nio-8089-exec-5] org.apache.catalina.core.ApplicationContext.log Manager: install: Installing context configuration at 'file:/C:/Users/Diego/AppData/Local/Temp/context12431066525868041451.xml'
16-Nov-2022 00:18:49.504 INFO [http-nio-8089-exec-4] org.apache.catalina.core.ApplicationContext.log Manager: start: Starting web application '/VentasPc'
16-Nov-2022 00:19:17.030 INFO [http-nio-8089-exec-9] org.apache.catalina.core.ApplicationContext.log Manager: list: Listing contexts for virtual host 'localhost'
16-Nov-2022 00:19:17.036 INFO [http-nio-8089-exec-11] org.apache.catalina.core.ApplicationContext.log Manager: restart: Reloading web application '/VentasPc'
16-Nov-2022 00:19:18.279 INFO [http-nio-8089-exec-11] org.apache.catalina.core.ApplicationContext.log Manager: list: Listing contexts for virtual host 'localhost'
16-Nov-2022 00:19:18.288 INFO [http-nio-8089-exec-5] org.apache.catalina.core.ApplicationContext.log Manager: restart: Reloading web application '/VentasPc'
