14-Nov-2022 10:25:54.744 INFO [http-nio-8089-exec-6] org.apache.catalina.core.ApplicationContext.log Manager: init: Associated with Deployer 'Catalina:type=Deployer,host=localhost'
14-Nov-2022 10:25:54.744 INFO [http-nio-8089-exec-6] org.apache.catalina.core.ApplicationContext.log Manager: init: Global resources are available
14-Nov-2022 10:25:54.822 INFO [http-nio-8089-exec-2] org.apache.catalina.core.ApplicationContext.log Manager: list: Listing contexts for virtual host 'localhost'
14-Nov-2022 10:25:54.838 INFO [http-nio-8089-exec-1] org.apache.catalina.core.ApplicationContext.log Manager: undeploy: Undeploying web application at '/VentasPc'
14-Nov-2022 10:25:55.509 INFO [http-nio-8089-exec-2] org.apache.catalina.core.ApplicationContext.log Manager: install: Installing context configuration at 'file:/C:/Users/LOCALU~1/AppData/Local/Temp/context1933149946362120676.xml'
14-Nov-2022 10:25:55.914 INFO [http-nio-8089-exec-10] org.apache.catalina.core.ApplicationContext.log Manager: start: Starting web application '/VentasPc'
14-Nov-2022 10:28:39.754 INFO [http-nio-8089-exec-12] org.apache.catalina.core.ApplicationContext.log Manager: list: Listing contexts for virtual host 'localhost'
14-Nov-2022 10:28:41.000 INFO [http-nio-8089-exec-11] org.apache.catalina.core.ApplicationContext.log Manager: list: Listing contexts for virtual host 'localhost'
14-Nov-2022 10:28:41.000 INFO [http-nio-8089-exec-17] org.apache.catalina.core.ApplicationContext.log Manager: list: Listing contexts for virtual host 'localhost'
14-Nov-2022 10:29:19.253 INFO [http-nio-8089-exec-19] org.apache.catalina.core.ApplicationContext.log Manager: list: Listing contexts for virtual host 'localhost'
14-Nov-2022 10:29:19.268 INFO [http-nio-8089-exec-13] org.apache.catalina.core.ApplicationContext.log Manager: restart: Reloading web application '/VentasPc'
14-Nov-2022 10:29:21.412 INFO [http-nio-8089-exec-18] org.apache.catalina.core.ApplicationContext.log Manager: list: Listing contexts for virtual host 'localhost'
14-Nov-2022 10:29:21.428 INFO [http-nio-8089-exec-19] org.apache.catalina.core.ApplicationContext.log Manager: list: Listing contexts for virtual host 'localhost'
14-Nov-2022 10:29:21.428 INFO [http-nio-8089-exec-20] org.apache.catalina.core.ApplicationContext.log Manager: restart: Reloading web application '/VentasPc'
14-Nov-2022 10:31:18.776 INFO [http-nio-8089-exec-29] org.apache.catalina.core.ApplicationContext.log Manager: list: Listing contexts for virtual host 'localhost'
14-Nov-2022 10:32:13.395 INFO [http-nio-8089-exec-30] org.apache.catalina.core.ApplicationContext.log Manager: list: Listing contexts for virtual host 'localhost'
14-Nov-2022 10:32:51.710 INFO [http-nio-8089-exec-25] org.apache.catalina.core.ApplicationContext.log Manager: list: Listing contexts for virtual host 'localhost'
14-Nov-2022 10:32:55.360 INFO [http-nio-8089-exec-24] org.apache.catalina.core.ApplicationContext.log Manager: list: Listing contexts for virtual host 'localhost'
14-Nov-2022 10:32:55.376 INFO [http-nio-8089-exec-31] org.apache.catalina.core.ApplicationContext.log Manager: list: Listing contexts for virtual host 'localhost'
14-Nov-2022 10:33:21.776 INFO [http-nio-8089-exec-25] org.apache.catalina.core.ApplicationContext.log Manager: list: Listing contexts for virtual host 'localhost'
14-Nov-2022 10:33:24.360 INFO [http-nio-8089-exec-24] org.apache.catalina.core.ApplicationContext.log Manager: list: Listing contexts for virtual host 'localhost'
14-Nov-2022 10:33:24.376 INFO [http-nio-8089-exec-31] org.apache.catalina.core.ApplicationContext.log Manager: list: Listing contexts for virtual host 'localhost'
14-Nov-2022 10:33:58.375 INFO [http-nio-8089-exec-26] org.apache.catalina.core.ApplicationContext.log Manager: list: Listing contexts for virtual host 'localhost'
14-Nov-2022 10:33:58.390 INFO [http-nio-8089-exec-31] org.apache.catalina.core.ApplicationContext.log Manager: list: Listing contexts for virtual host 'localhost'
14-Nov-2022 11:05:45.326 INFO [http-nio-8089-exec-31] org.apache.catalina.core.ApplicationContext.log Manager: list: Listing contexts for virtual host 'localhost'
14-Nov-2022 11:05:45.342 INFO [http-nio-8089-exec-32] org.apache.catalina.core.ApplicationContext.log Manager: restart: Reloading web application '/VentasPc'
14-Nov-2022 11:06:00.811 INFO [http-nio-8089-exec-23] org.apache.catalina.core.ApplicationContext.log Manager: list: Listing contexts for virtual host 'localhost'
14-Nov-2022 11:06:00.811 INFO [http-nio-8089-exec-30] org.apache.catalina.core.ApplicationContext.log Manager: restart: Reloading web application '/VentasPc'
14-Nov-2022 11:06:01.201 INFO [http-nio-8089-exec-25] org.apache.catalina.core.ApplicationContext.log Manager: list: Listing contexts for virtual host 'localhost'
14-Nov-2022 11:06:01.216 INFO [http-nio-8089-exec-29] org.apache.catalina.core.ApplicationContext.log Manager: restart: Reloading web application '/VentasPc'
14-Nov-2022 11:06:34.442 INFO [http-nio-8089-exec-26] org.apache.catalina.core.ApplicationContext.log Manager: list: Listing contexts for virtual host 'localhost'
14-Nov-2022 11:06:34.458 INFO [http-nio-8089-exec-30] org.apache.catalina.core.ApplicationContext.log Manager: restart: Reloading web application '/VentasPc'
14-Nov-2022 11:06:34.817 INFO [http-nio-8089-exec-26] org.apache.catalina.core.ApplicationContext.log Manager: list: Listing contexts for virtual host 'localhost'
14-Nov-2022 11:06:34.817 INFO [http-nio-8089-exec-27] org.apache.catalina.core.ApplicationContext.log Manager: restart: Reloading web application '/VentasPc'
14-Nov-2022 11:06:47.688 INFO [http-nio-8089-exec-30] org.apache.catalina.core.ApplicationContext.log Manager: list: Listing contexts for virtual host 'localhost'
14-Nov-2022 11:06:47.688 INFO [http-nio-8089-exec-33] org.apache.catalina.core.ApplicationContext.log Manager: restart: Reloading web application '/VentasPc'
14-Nov-2022 11:06:48.062 INFO [http-nio-8089-exec-25] org.apache.catalina.core.ApplicationContext.log Manager: list: Listing contexts for virtual host 'localhost'
14-Nov-2022 11:06:48.062 INFO [http-nio-8089-exec-35] org.apache.catalina.core.ApplicationContext.log Manager: restart: Reloading web application '/VentasPc'
14-Nov-2022 11:06:51.297 INFO [http-nio-8089-exec-30] org.apache.catalina.core.ApplicationContext.log Manager: list: Listing contexts for virtual host 'localhost'
14-Nov-2022 11:06:51.297 INFO [http-nio-8089-exec-26] org.apache.catalina.core.ApplicationContext.log Manager: restart: Reloading web application '/VentasPc'
14-Nov-2022 11:06:51.671 INFO [http-nio-8089-exec-36] org.apache.catalina.core.ApplicationContext.log Manager: list: Listing contexts for virtual host 'localhost'
14-Nov-2022 11:06:51.671 INFO [http-nio-8089-exec-35] org.apache.catalina.core.ApplicationContext.log Manager: restart: Reloading web application '/VentasPc'
14-Nov-2022 11:06:56.277 INFO [http-nio-8089-exec-37] org.apache.catalina.core.ApplicationContext.log Manager: list: Listing contexts for virtual host 'localhost'
14-Nov-2022 11:06:56.277 INFO [http-nio-8089-exec-26] org.apache.catalina.core.ApplicationContext.log Manager: restart: Reloading web application '/VentasPc'
14-Nov-2022 11:06:56.651 INFO [http-nio-8089-exec-27] org.apache.catalina.core.ApplicationContext.log Manager: list: Listing contexts for virtual host 'localhost'
14-Nov-2022 11:06:56.651 INFO [http-nio-8089-exec-30] org.apache.catalina.core.ApplicationContext.log Manager: restart: Reloading web application '/VentasPc'
14-Nov-2022 11:08:14.279 INFO [http-nio-8089-exec-27] org.apache.catalina.core.ApplicationContext.log Manager: list: Listing contexts for virtual host 'localhost'
14-Nov-2022 11:08:14.279 INFO [http-nio-8089-exec-36] org.apache.catalina.core.ApplicationContext.log Manager: restart: Reloading web application '/VentasPc'
14-Nov-2022 11:08:15.044 INFO [http-nio-8089-exec-35] org.apache.catalina.core.ApplicationContext.log Manager: list: Listing contexts for virtual host 'localhost'
14-Nov-2022 11:08:15.044 INFO [http-nio-8089-exec-39] org.apache.catalina.core.ApplicationContext.log Manager: restart: Reloading web application '/VentasPc'
14-Nov-2022 11:08:30.839 INFO [http-nio-8089-exec-33] org.apache.catalina.core.ApplicationContext.log Manager: list: Listing contexts for virtual host 'localhost'
14-Nov-2022 11:08:30.855 INFO [http-nio-8089-exec-40] org.apache.catalina.core.ApplicationContext.log Manager: restart: Reloading web application '/VentasPc'
14-Nov-2022 11:08:48.717 INFO [http-nio-8089-exec-36] org.apache.catalina.core.ApplicationContext.log Manager: list: Listing contexts for virtual host 'localhost'
14-Nov-2022 11:08:48.717 INFO [http-nio-8089-exec-37] org.apache.catalina.core.ApplicationContext.log Manager: restart: Reloading web application '/VentasPc'
14-Nov-2022 11:08:53.968 INFO [http-nio-8089-exec-28] org.apache.catalina.core.ApplicationContext.log Manager: list: Listing contexts for virtual host 'localhost'
14-Nov-2022 11:08:53.968 INFO [http-nio-8089-exec-41] org.apache.catalina.core.ApplicationContext.log Manager: restart: Reloading web application '/VentasPc'
14-Nov-2022 11:08:54.311 INFO [http-nio-8089-exec-29] org.apache.catalina.core.ApplicationContext.log Manager: list: Listing contexts for virtual host 'localhost'
14-Nov-2022 11:08:54.311 INFO [http-nio-8089-exec-42] org.apache.catalina.core.ApplicationContext.log Manager: restart: Reloading web application '/VentasPc'
14-Nov-2022 11:09:06.463 INFO [http-nio-8089-exec-41] org.apache.catalina.core.ApplicationContext.log Manager: list: Listing contexts for virtual host 'localhost'
14-Nov-2022 11:09:06.479 INFO [http-nio-8089-exec-37] org.apache.catalina.core.ApplicationContext.log Manager: restart: Reloading web application '/VentasPc'
14-Nov-2022 11:09:06.806 INFO [http-nio-8089-exec-44] org.apache.catalina.core.ApplicationContext.log Manager: list: Listing contexts for virtual host 'localhost'
14-Nov-2022 11:09:06.822 INFO [http-nio-8089-exec-35] org.apache.catalina.core.ApplicationContext.log Manager: restart: Reloading web application '/VentasPc'
14-Nov-2022 11:09:21.671 INFO [http-nio-8089-exec-37] org.apache.catalina.core.ApplicationContext.log Manager: list: Listing contexts for virtual host 'localhost'
14-Nov-2022 11:09:21.671 INFO [http-nio-8089-exec-44] org.apache.catalina.core.ApplicationContext.log Manager: restart: Reloading web application '/VentasPc'
14-Nov-2022 11:09:21.968 INFO [http-nio-8089-exec-42] org.apache.catalina.core.ApplicationContext.log Manager: list: Listing contexts for virtual host 'localhost'
14-Nov-2022 11:09:21.968 INFO [http-nio-8089-exec-37] org.apache.catalina.core.ApplicationContext.log Manager: restart: Reloading web application '/VentasPc'
14-Nov-2022 11:10:14.301 INFO [http-nio-8089-exec-42] org.apache.catalina.core.ApplicationContext.log Manager: list: Listing contexts for virtual host 'localhost'
14-Nov-2022 11:10:14.317 INFO [http-nio-8089-exec-45] org.apache.catalina.core.ApplicationContext.log Manager: restart: Reloading web application '/VentasPc'
14-Nov-2022 11:10:14.613 INFO [http-nio-8089-exec-29] org.apache.catalina.core.ApplicationContext.log Manager: list: Listing contexts for virtual host 'localhost'
14-Nov-2022 11:10:14.613 INFO [http-nio-8089-exec-47] org.apache.catalina.core.ApplicationContext.log Manager: restart: Reloading web application '/VentasPc'
14-Nov-2022 11:10:22.579 INFO [http-nio-8089-exec-35] org.apache.catalina.core.ApplicationContext.log Manager: list: Listing contexts for virtual host 'localhost'
14-Nov-2022 11:10:22.594 INFO [http-nio-8089-exec-42] org.apache.catalina.core.ApplicationContext.log Manager: restart: Reloading web application '/VentasPc'
14-Nov-2022 11:11:33.237 INFO [http-nio-8089-exec-52] org.apache.catalina.core.ApplicationContext.log Manager: list: Listing contexts for virtual host 'localhost'
14-Nov-2022 11:11:33.237 INFO [http-nio-8089-exec-35] org.apache.catalina.core.ApplicationContext.log Manager: restart: Reloading web application '/VentasPc'
14-Nov-2022 11:11:45.539 INFO [http-nio-8089-exec-49] org.apache.catalina.core.ApplicationContext.log Manager: list: Listing contexts for virtual host 'localhost'
14-Nov-2022 11:11:45.554 INFO [http-nio-8089-exec-50] org.apache.catalina.core.ApplicationContext.log Manager: restart: Reloading web application '/VentasPc'
14-Nov-2022 11:11:48.616 INFO [http-nio-8089-exec-42] org.apache.catalina.core.ApplicationContext.log Manager: list: Listing contexts for virtual host 'localhost'
14-Nov-2022 11:11:48.631 INFO [http-nio-8089-exec-49] org.apache.catalina.core.ApplicationContext.log Manager: restart: Reloading web application '/VentasPc'
14-Nov-2022 11:30:02.918 INFO [http-nio-8089-exec-56] org.apache.catalina.core.ApplicationContext.log Manager: list: Listing contexts for virtual host 'localhost'
14-Nov-2022 11:30:02.934 INFO [http-nio-8089-exec-57] org.apache.catalina.core.ApplicationContext.log Manager: restart: Reloading web application '/VentasPc'
14-Nov-2022 11:36:51.515 INFO [http-nio-8089-exec-68] org.apache.catalina.core.ApplicationContext.log Manager: list: Listing contexts for virtual host 'localhost'
14-Nov-2022 11:36:51.531 INFO [http-nio-8089-exec-67] org.apache.catalina.core.ApplicationContext.log Manager: restart: Reloading web application '/VentasPc'
14-Nov-2022 11:36:51.827 INFO [http-nio-8089-exec-68] org.apache.catalina.core.ApplicationContext.log Manager: list: Listing contexts for virtual host 'localhost'
14-Nov-2022 11:36:51.827 INFO [http-nio-8089-exec-71] org.apache.catalina.core.ApplicationContext.log Manager: restart: Reloading web application '/VentasPc'
14-Nov-2022 11:38:02.539 INFO [http-nio-8089-exec-70] org.apache.catalina.core.ApplicationContext.log Manager: list: Listing contexts for virtual host 'localhost'
14-Nov-2022 11:38:02.554 INFO [http-nio-8089-exec-65] org.apache.catalina.core.ApplicationContext.log Manager: restart: Reloading web application '/VentasPc'
14-Nov-2022 11:38:59.964 INFO [http-nio-8089-exec-72] org.apache.catalina.core.ApplicationContext.log Manager: list: Listing contexts for virtual host 'localhost'
14-Nov-2022 11:38:59.964 INFO [http-nio-8089-exec-68] org.apache.catalina.core.ApplicationContext.log Manager: restart: Reloading web application '/VentasPc'
14-Nov-2022 11:39:00.260 INFO [http-nio-8089-exec-75] org.apache.catalina.core.ApplicationContext.log Manager: list: Listing contexts for virtual host 'localhost'
14-Nov-2022 11:39:00.260 INFO [http-nio-8089-exec-65] org.apache.catalina.core.ApplicationContext.log Manager: restart: Reloading web application '/VentasPc'
14-Nov-2022 11:39:00.902 INFO [http-nio-8089-exec-55] org.apache.catalina.core.ApplicationContext.log Manager: list: Listing contexts for virtual host 'localhost'
14-Nov-2022 11:39:00.918 INFO [http-nio-8089-exec-70] org.apache.catalina.core.ApplicationContext.log Manager: restart: Reloading web application '/VentasPc'
14-Nov-2022 11:39:01.230 INFO [http-nio-8089-exec-73] org.apache.catalina.core.ApplicationContext.log Manager: list: Listing contexts for virtual host 'localhost'
14-Nov-2022 11:39:01.932 INFO [http-nio-8089-exec-71] org.apache.catalina.core.ApplicationContext.log Manager: list: Listing contexts for virtual host 'localhost'
14-Nov-2022 11:40:00.079 INFO [http-nio-8089-exec-72] org.apache.catalina.core.ApplicationContext.log Manager: list: Listing contexts for virtual host 'localhost'
14-Nov-2022 11:56:06.603 INFO [http-nio-8089-exec-79] org.apache.catalina.core.ApplicationContext.log Manager: list: Listing contexts for virtual host 'localhost'
14-Nov-2022 11:56:20.269 INFO [http-nio-8089-exec-85] org.apache.catalina.core.ApplicationContext.log Manager: list: Listing contexts for virtual host 'localhost'
14-Nov-2022 11:56:22.189 INFO [http-nio-8089-exec-78] org.apache.catalina.core.ApplicationContext.log Manager: list: Listing contexts for virtual host 'localhost'
14-Nov-2022 11:56:22.189 INFO [http-nio-8089-exec-83] org.apache.catalina.core.ApplicationContext.log Manager: list: Listing contexts for virtual host 'localhost'
14-Nov-2022 11:56:22.205 INFO [http-nio-8089-exec-79] org.apache.catalina.core.ApplicationContext.log Manager: restart: Reloading web application '/VentasPc'
14-Nov-2022 11:57:58.083 INFO [http-nio-8089-exec-86] org.apache.catalina.core.ApplicationContext.log Manager: list: Listing contexts for virtual host 'localhost'
14-Nov-2022 11:58:14.015 INFO [http-nio-8089-exec-83] org.apache.catalina.core.ApplicationContext.log Manager: list: Listing contexts for virtual host 'localhost'
14-Nov-2022 11:59:04.932 INFO [http-nio-8089-exec-93] org.apache.catalina.core.ApplicationContext.log Manager: list: Listing contexts for virtual host 'localhost'
14-Nov-2022 12:00:08.852 INFO [http-nio-8089-exec-92] org.apache.catalina.core.ApplicationContext.log Manager: list: Listing contexts for virtual host 'localhost'
14-Nov-2022 12:00:11.764 INFO [http-nio-8089-exec-86] org.apache.catalina.core.ApplicationContext.log Manager: list: Listing contexts for virtual host 'localhost'
14-Nov-2022 12:00:11.764 INFO [http-nio-8089-exec-90] org.apache.catalina.core.ApplicationContext.log Manager: list: Listing contexts for virtual host 'localhost'
14-Nov-2022 12:07:40.082 INFO [http-nio-8089-exec-90] org.apache.catalina.core.ApplicationContext.log Manager: list: Listing contexts for virtual host 'localhost'
14-Nov-2022 12:08:15.218 INFO [http-nio-8089-exec-89] org.apache.catalina.core.ApplicationContext.log Manager: list: Listing contexts for virtual host 'localhost'
14-Nov-2022 12:08:15.233 INFO [http-nio-8089-exec-87] org.apache.catalina.core.ApplicationContext.log Manager: restart: Reloading web application '/VentasPc'
14-Nov-2022 12:08:31.878 INFO [http-nio-8089-exec-86] org.apache.catalina.core.ApplicationContext.log Manager: list: Listing contexts for virtual host 'localhost'
14-Nov-2022 12:08:38.730 INFO [http-nio-8089-exec-95] org.apache.catalina.core.ApplicationContext.log Manager: list: Listing contexts for virtual host 'localhost'
14-Nov-2022 12:08:38.730 INFO [http-nio-8089-exec-96] org.apache.catalina.core.ApplicationContext.log Manager: list: Listing contexts for virtual host 'localhost'
14-Nov-2022 12:08:38.745 INFO [http-nio-8089-exec-92] org.apache.catalina.core.ApplicationContext.log Manager: restart: Reloading web application '/VentasPc'
14-Nov-2022 12:09:34.214 INFO [http-nio-8089-exec-91] org.apache.catalina.core.ApplicationContext.log Manager: list: Listing contexts for virtual host 'localhost'
14-Nov-2022 12:10:39.437 INFO [http-nio-8089-exec-102] org.apache.catalina.core.ApplicationContext.log Manager: list: Listing contexts for virtual host 'localhost'
14-Nov-2022 12:10:39.453 INFO [http-nio-8089-exec-99] org.apache.catalina.core.ApplicationContext.log Manager: restart: Reloading web application '/VentasPc'
14-Nov-2022 12:10:49.632 INFO [http-nio-8089-exec-105] org.apache.catalina.core.ApplicationContext.log Manager: list: Listing contexts for virtual host 'localhost'
14-Nov-2022 12:10:49.632 INFO [http-nio-8089-exec-102] org.apache.catalina.core.ApplicationContext.log Manager: list: Listing contexts for virtual host 'localhost'
14-Nov-2022 12:10:49.647 INFO [http-nio-8089-exec-100] org.apache.catalina.core.ApplicationContext.log Manager: restart: Reloading web application '/VentasPc'
14-Nov-2022 12:13:25.679 INFO [http-nio-8089-exec-108] org.apache.catalina.core.ApplicationContext.log Manager: list: Listing contexts for virtual host 'localhost'
14-Nov-2022 12:13:25.695 INFO [http-nio-8089-exec-109] org.apache.catalina.core.ApplicationContext.log Manager: restart: Reloading web application '/VentasPc'
14-Nov-2022 12:13:41.796 INFO [http-nio-8089-exec-107] org.apache.catalina.core.ApplicationContext.log Manager: list: Listing contexts for virtual host 'localhost'
14-Nov-2022 12:13:41.796 INFO [http-nio-8089-exec-99] org.apache.catalina.core.ApplicationContext.log Manager: restart: Reloading web application '/VentasPc'
14-Nov-2022 12:13:49.077 INFO [http-nio-8089-exec-110] org.apache.catalina.core.ApplicationContext.log Manager: list: Listing contexts for virtual host 'localhost'
14-Nov-2022 12:13:49.327 INFO [http-nio-8089-exec-106] org.apache.catalina.core.ApplicationContext.log Manager: list: Listing contexts for virtual host 'localhost'
14-Nov-2022 12:13:49.327 INFO [http-nio-8089-exec-110] org.apache.catalina.core.ApplicationContext.log Manager: list: Listing contexts for virtual host 'localhost'
14-Nov-2022 12:13:49.342 INFO [http-nio-8089-exec-91] org.apache.catalina.core.ApplicationContext.log Manager: restart: Reloading web application '/VentasPc'
14-Nov-2022 12:28:57.567 INFO [http-nio-8089-exec-117] org.apache.catalina.core.ApplicationContext.log Manager: list: Listing contexts for virtual host 'localhost'
14-Nov-2022 12:28:57.582 INFO [http-nio-8089-exec-118] org.apache.catalina.core.ApplicationContext.log Manager: restart: Reloading web application '/VentasPc'
14-Nov-2022 12:29:18.529 INFO [http-nio-8089-exec-124] org.apache.catalina.core.ApplicationContext.log Manager: list: Listing contexts for virtual host 'localhost'
14-Nov-2022 12:29:18.544 INFO [http-nio-8089-exec-116] org.apache.catalina.core.ApplicationContext.log Manager: restart: Reloading web application '/VentasPc'
14-Nov-2022 12:29:18.825 INFO [http-nio-8089-exec-123] org.apache.catalina.core.ApplicationContext.log Manager: list: Listing contexts for virtual host 'localhost'
14-Nov-2022 12:29:18.825 INFO [http-nio-8089-exec-117] org.apache.catalina.core.ApplicationContext.log Manager: restart: Reloading web application '/VentasPc'
14-Nov-2022 12:29:32.246 INFO [http-nio-8089-exec-119] org.apache.catalina.core.ApplicationContext.log Manager: list: Listing contexts for virtual host 'localhost'
14-Nov-2022 12:29:34.775 INFO [http-nio-8089-exec-120] org.apache.catalina.core.ApplicationContext.log Manager: list: Listing contexts for virtual host 'localhost'
14-Nov-2022 12:29:34.775 INFO [http-nio-8089-exec-121] org.apache.catalina.core.ApplicationContext.log Manager: list: Listing contexts for virtual host 'localhost'
14-Nov-2022 12:29:34.790 INFO [http-nio-8089-exec-117] org.apache.catalina.core.ApplicationContext.log Manager: restart: Reloading web application '/VentasPc'
14-Nov-2022 12:29:34.806 INFO [http-nio-8089-exec-121] org.apache.catalina.core.ApplicationContext.log Manager: list: Listing contexts for virtual host 'localhost'
14-Nov-2022 12:29:35.055 INFO [http-nio-8089-exec-127] org.apache.catalina.core.ApplicationContext.log Manager: restart: Reloading web application '/VentasPc'
14-Nov-2022 12:33:45.127 INFO [http-nio-8089-exec-129] org.apache.catalina.core.ApplicationContext.log Manager: list: Listing contexts for virtual host 'localhost'
14-Nov-2022 12:33:45.127 INFO [http-nio-8089-exec-132] org.apache.catalina.core.ApplicationContext.log Manager: stop: Stopping web application '/VentasPc'
14-Nov-2022 12:33:45.237 INFO [http-nio-8089-exec-131] org.apache.catalina.core.ApplicationContext.log Manager: start: Starting web application '/VentasPc'
14-Nov-2022 12:33:45.717 INFO [http-nio-8089-exec-137] org.apache.catalina.core.ApplicationContext.log Manager: list: Listing contexts for virtual host 'localhost'
14-Nov-2022 12:33:45.717 INFO [http-nio-8089-exec-130] org.apache.catalina.core.ApplicationContext.log Manager: restart: Reloading web application '/VentasPc'
14-Nov-2022 12:33:47.087 INFO [http-nio-8089-exec-129] org.apache.catalina.core.ApplicationContext.log Manager: list: Listing contexts for virtual host 'localhost'
14-Nov-2022 12:33:47.097 INFO [http-nio-8089-exec-121] org.apache.catalina.core.ApplicationContext.log Manager: restart: Reloading web application '/VentasPc'
14-Nov-2022 12:34:52.228 INFO [http-nio-8089-exec-129] org.apache.catalina.core.ApplicationContext.log Manager: list: Listing contexts for virtual host 'localhost'
14-Nov-2022 12:37:25.585 INFO [http-nio-8089-exec-142] org.apache.catalina.core.ApplicationContext.log Manager: list: Listing contexts for virtual host 'localhost'
14-Nov-2022 12:37:25.600 INFO [http-nio-8089-exec-143] org.apache.catalina.core.ApplicationContext.log Manager: restart: Reloading web application '/VentasPc'
14-Nov-2022 12:38:26.037 INFO [http-nio-8089-exec-144] org.apache.catalina.core.ApplicationContext.log Manager: list: Listing contexts for virtual host 'localhost'
14-Nov-2022 12:38:26.052 INFO [http-nio-8089-exec-133] org.apache.catalina.core.ApplicationContext.log Manager: restart: Reloading web application '/VentasPc'
14-Nov-2022 12:39:17.707 INFO [http-nio-8089-exec-145] org.apache.catalina.core.ApplicationContext.log Manager: list: Listing contexts for virtual host 'localhost'
14-Nov-2022 12:39:17.723 INFO [http-nio-8089-exec-121] org.apache.catalina.core.ApplicationContext.log Manager: restart: Reloading web application '/VentasPc'
