15-Nov-2022 20:37:09.215 INFO [http-nio-8089-exec-4] org.apache.catalina.core.ApplicationContext.log Manager: init: Associated with Deployer 'Catalina:type=Deployer,host=localhost'
15-Nov-2022 20:37:09.215 INFO [http-nio-8089-exec-4] org.apache.catalina.core.ApplicationContext.log Manager: init: Global resources are available
15-Nov-2022 20:37:09.252 INFO [http-nio-8089-exec-6] org.apache.catalina.core.ApplicationContext.log Manager: list: Listing contexts for virtual host 'localhost'
15-Nov-2022 20:37:09.265 INFO [http-nio-8089-exec-7] org.apache.catalina.core.ApplicationContext.log Manager: undeploy: Undeploying web application at '/VentasPc'
15-Nov-2022 20:37:09.824 INFO [http-nio-8089-exec-2] org.apache.catalina.core.ApplicationContext.log Manager: install: Installing context configuration at 'file:/C:/Users/Diego/AppData/Local/Temp/context16921438769942128305.xml'
15-Nov-2022 20:37:10.333 INFO [http-nio-8089-exec-8] org.apache.catalina.core.ApplicationContext.log Manager: start: Starting web application '/VentasPc'
15-Nov-2022 21:09:04.522 INFO [http-nio-8089-exec-20] org.apache.catalina.core.ApplicationContext.log Manager: list: Listing contexts for virtual host 'localhost'
15-Nov-2022 21:09:04.533 INFO [http-nio-8089-exec-12] org.apache.catalina.core.ApplicationContext.log Manager: restart: Reloading web application '/VentasPc'
15-Nov-2022 21:09:11.302 INFO [http-nio-8089-exec-19] org.apache.catalina.core.ApplicationContext.log Manager: list: Listing contexts for virtual host 'localhost'
15-Nov-2022 21:09:11.310 INFO [http-nio-8089-exec-13] org.apache.catalina.core.ApplicationContext.log Manager: list: Listing contexts for virtual host 'localhost'
15-Nov-2022 21:09:11.325 INFO [http-nio-8089-exec-18] org.apache.catalina.core.ApplicationContext.log Manager: restart: Reloading web application '/VentasPc'
15-Nov-2022 21:13:22.713 INFO [http-nio-8089-exec-23] org.apache.catalina.core.ApplicationContext.log Manager: list: Listing contexts for virtual host 'localhost'
15-Nov-2022 21:13:25.407 INFO [http-nio-8089-exec-26] org.apache.catalina.core.ApplicationContext.log Manager: list: Listing contexts for virtual host 'localhost'
15-Nov-2022 21:13:25.411 INFO [http-nio-8089-exec-30] org.apache.catalina.core.ApplicationContext.log Manager: list: Listing contexts for virtual host 'localhost'
15-Nov-2022 21:14:00.756 INFO [http-nio-8089-exec-29] org.apache.catalina.core.ApplicationContext.log Manager: list: Listing contexts for virtual host 'localhost'
15-Nov-2022 21:15:54.520 INFO [http-nio-8089-exec-31] org.apache.catalina.core.ApplicationContext.log Manager: list: Listing contexts for virtual host 'localhost'
15-Nov-2022 21:15:54.532 INFO [http-nio-8089-exec-23] org.apache.catalina.core.ApplicationContext.log Manager: restart: Reloading web application '/VentasPc'
15-Nov-2022 21:15:55.781 INFO [http-nio-8089-exec-32] org.apache.catalina.core.ApplicationContext.log Manager: list: Listing contexts for virtual host 'localhost'
15-Nov-2022 21:15:55.789 INFO [http-nio-8089-exec-27] org.apache.catalina.core.ApplicationContext.log Manager: restart: Reloading web application '/VentasPc'
15-Nov-2022 21:16:59.551 INFO [http-nio-8089-exec-34] org.apache.catalina.core.ApplicationContext.log Manager: list: Listing contexts for virtual host 'localhost'
15-Nov-2022 21:16:59.562 INFO [http-nio-8089-exec-31] org.apache.catalina.core.ApplicationContext.log Manager: restart: Reloading web application '/VentasPc'
15-Nov-2022 21:17:37.439 INFO [http-nio-8089-exec-29] org.apache.catalina.core.ApplicationContext.log Manager: list: Listing contexts for virtual host 'localhost'
15-Nov-2022 21:17:37.446 INFO [http-nio-8089-exec-35] org.apache.catalina.core.ApplicationContext.log Manager: restart: Reloading web application '/VentasPc'
15-Nov-2022 21:17:38.427 INFO [http-nio-8089-exec-29] org.apache.catalina.core.ApplicationContext.log Manager: list: Listing contexts for virtual host 'localhost'
15-Nov-2022 21:17:38.434 INFO [http-nio-8089-exec-24] org.apache.catalina.core.ApplicationContext.log Manager: restart: Reloading web application '/VentasPc'
15-Nov-2022 21:17:41.544 INFO [http-nio-8089-exec-39] org.apache.catalina.core.ApplicationContext.log Manager: list: Listing contexts for virtual host 'localhost'
15-Nov-2022 21:17:41.609 INFO [http-nio-8089-exec-35] org.apache.catalina.core.ApplicationContext.log Manager: list: Listing contexts for virtual host 'localhost'
15-Nov-2022 21:17:41.888 INFO [http-nio-8089-exec-35] org.apache.catalina.core.ApplicationContext.log Manager: list: Listing contexts for virtual host 'localhost'
15-Nov-2022 21:17:41.900 INFO [http-nio-8089-exec-38] org.apache.catalina.core.ApplicationContext.log Manager: restart: Reloading web application '/VentasPc'
15-Nov-2022 21:18:23.538 INFO [http-nio-8089-exec-28] org.apache.catalina.core.ApplicationContext.log Manager: list: Listing contexts for virtual host 'localhost'
15-Nov-2022 21:18:23.545 INFO [http-nio-8089-exec-36] org.apache.catalina.core.ApplicationContext.log Manager: restart: Reloading web application '/VentasPc'
15-Nov-2022 21:18:45.594 INFO [http-nio-8089-exec-40] org.apache.catalina.core.ApplicationContext.log Manager: list: Listing contexts for virtual host 'localhost'
15-Nov-2022 21:18:45.602 INFO [http-nio-8089-exec-24] org.apache.catalina.core.ApplicationContext.log Manager: restart: Reloading web application '/VentasPc'
15-Nov-2022 21:18:46.525 INFO [http-nio-8089-exec-25] org.apache.catalina.core.ApplicationContext.log Manager: list: Listing contexts for virtual host 'localhost'
15-Nov-2022 21:18:46.530 INFO [http-nio-8089-exec-41] org.apache.catalina.core.ApplicationContext.log Manager: restart: Reloading web application '/VentasPc'
15-Nov-2022 21:21:08.496 INFO [http-nio-8089-exec-43] org.apache.catalina.core.ApplicationContext.log Manager: list: Listing contexts for virtual host 'localhost'
15-Nov-2022 21:21:08.502 INFO [http-nio-8089-exec-36] org.apache.catalina.core.ApplicationContext.log Manager: restart: Reloading web application '/VentasPc'
15-Nov-2022 21:21:09.401 INFO [http-nio-8089-exec-36] org.apache.catalina.core.ApplicationContext.log Manager: list: Listing contexts for virtual host 'localhost'
15-Nov-2022 21:21:09.409 INFO [http-nio-8089-exec-32] org.apache.catalina.core.ApplicationContext.log Manager: restart: Reloading web application '/VentasPc'
15-Nov-2022 21:23:06.558 INFO [http-nio-8089-exec-25] org.apache.catalina.core.ApplicationContext.log Manager: list: Listing contexts for virtual host 'localhost'
15-Nov-2022 21:24:25.817 INFO [http-nio-8089-exec-47] org.apache.catalina.core.ApplicationContext.log Manager: list: Listing contexts for virtual host 'localhost'
15-Nov-2022 21:24:25.822 INFO [http-nio-8089-exec-49] org.apache.catalina.core.ApplicationContext.log Manager: restart: Reloading web application '/VentasPc'
15-Nov-2022 21:24:26.845 INFO [http-nio-8089-exec-42] org.apache.catalina.core.ApplicationContext.log Manager: list: Listing contexts for virtual host 'localhost'
15-Nov-2022 21:24:26.850 INFO [http-nio-8089-exec-50] org.apache.catalina.core.ApplicationContext.log Manager: restart: Reloading web application '/VentasPc'
15-Nov-2022 21:24:57.085 INFO [http-nio-8089-exec-48] org.apache.catalina.core.ApplicationContext.log Manager: list: Listing contexts for virtual host 'localhost'
15-Nov-2022 21:25:55.392 INFO [http-nio-8089-exec-53] org.apache.catalina.core.ApplicationContext.log Manager: list: Listing contexts for virtual host 'localhost'
15-Nov-2022 21:25:55.399 INFO [http-nio-8089-exec-49] org.apache.catalina.core.ApplicationContext.log Manager: restart: Reloading web application '/VentasPc'
15-Nov-2022 21:27:44.686 INFO [http-nio-8089-exec-66] org.apache.catalina.core.ApplicationContext.log Manager: list: Listing contexts for virtual host 'localhost'
15-Nov-2022 21:27:44.692 INFO [http-nio-8089-exec-62] org.apache.catalina.core.ApplicationContext.log Manager: restart: Reloading web application '/VentasPc'
15-Nov-2022 21:28:46.357 INFO [http-nio-8089-exec-67] org.apache.catalina.core.ApplicationContext.log Manager: list: Listing contexts for virtual host 'localhost'
15-Nov-2022 21:28:46.364 INFO [http-nio-8089-exec-65] org.apache.catalina.core.ApplicationContext.log Manager: restart: Reloading web application '/VentasPc'
15-Nov-2022 21:29:46.874 INFO [http-nio-8089-exec-65] org.apache.catalina.core.ApplicationContext.log Manager: list: Listing contexts for virtual host 'localhost'
15-Nov-2022 21:29:46.892 INFO [http-nio-8089-exec-68] org.apache.catalina.core.ApplicationContext.log Manager: restart: Reloading web application '/VentasPc'
15-Nov-2022 21:30:01.383 INFO [http-nio-8089-exec-63] org.apache.catalina.core.ApplicationContext.log Manager: list: Listing contexts for virtual host 'localhost'
15-Nov-2022 21:30:14.052 INFO [http-nio-8089-exec-74] org.apache.catalina.core.ApplicationContext.log Manager: list: Listing contexts for virtual host 'localhost'
15-Nov-2022 21:36:08.133 INFO [http-nio-8089-exec-73] org.apache.catalina.core.ApplicationContext.log Manager: list: Listing contexts for virtual host 'localhost'
15-Nov-2022 21:40:10.769 INFO [http-nio-8089-exec-79] org.apache.catalina.core.ApplicationContext.log Manager: list: Listing contexts for virtual host 'localhost'
15-Nov-2022 21:44:47.460 INFO [http-nio-8089-exec-79] org.apache.catalina.core.ApplicationContext.log Manager: list: Listing contexts for virtual host 'localhost'
15-Nov-2022 21:47:43.669 INFO [http-nio-8089-exec-79] org.apache.catalina.core.ApplicationContext.log Manager: list: Listing contexts for virtual host 'localhost'
15-Nov-2022 21:49:07.220 INFO [http-nio-8089-exec-79] org.apache.catalina.core.ApplicationContext.log Manager: list: Listing contexts for virtual host 'localhost'
15-Nov-2022 21:50:00.586 INFO [http-nio-8089-exec-78] org.apache.catalina.core.ApplicationContext.log Manager: list: Listing contexts for virtual host 'localhost'
15-Nov-2022 21:50:40.193 INFO [http-nio-8089-exec-76] org.apache.catalina.core.ApplicationContext.log Manager: list: Listing contexts for virtual host 'localhost'
15-Nov-2022 21:52:13.059 INFO [http-nio-8089-exec-74] org.apache.catalina.core.ApplicationContext.log Manager: list: Listing contexts for virtual host 'localhost'
15-Nov-2022 21:53:39.287 INFO [http-nio-8089-exec-77] org.apache.catalina.core.ApplicationContext.log Manager: list: Listing contexts for virtual host 'localhost'
15-Nov-2022 21:54:01.962 INFO [http-nio-8089-exec-74] org.apache.catalina.core.ApplicationContext.log Manager: list: Listing contexts for virtual host 'localhost'
15-Nov-2022 21:54:38.208 INFO [http-nio-8089-exec-80] org.apache.catalina.core.ApplicationContext.log Manager: list: Listing contexts for virtual host 'localhost'
15-Nov-2022 21:56:58.613 INFO [http-nio-8089-exec-76] org.apache.catalina.core.ApplicationContext.log Manager: list: Listing contexts for virtual host 'localhost'
15-Nov-2022 23:15:33.648 INFO [http-nio-8089-exec-80] org.apache.catalina.core.ApplicationContext.log Manager: list: Listing contexts for virtual host 'localhost'
