10-Nov-2022 20:20:33.693 INFO [http-nio-8089-exec-4] org.apache.catalina.core.ApplicationContext.log Manager: init: Associated with Deployer 'Catalina:type=Deployer,host=localhost'
10-Nov-2022 20:20:33.693 INFO [http-nio-8089-exec-4] org.apache.catalina.core.ApplicationContext.log Manager: init: Global resources are available
10-Nov-2022 20:20:33.729 INFO [http-nio-8089-exec-5] org.apache.catalina.core.ApplicationContext.log Manager: list: Listing contexts for virtual host 'localhost'
10-Nov-2022 20:20:33.760 INFO [http-nio-8089-exec-6] org.apache.catalina.core.ApplicationContext.log Manager: list: Listing contexts for virtual host 'localhost'
10-Nov-2022 20:22:02.587 INFO [http-nio-8089-exec-9] org.apache.catalina.core.ApplicationContext.log Manager: list: Listing contexts for virtual host 'localhost'
10-Nov-2022 20:22:02.596 INFO [http-nio-8089-exec-2] org.apache.catalina.core.ApplicationContext.log Manager: list: Listing contexts for virtual host 'localhost'
10-Nov-2022 20:25:25.642 INFO [http-nio-8089-exec-2] org.apache.catalina.core.ApplicationContext.log Manager: list: Listing contexts for virtual host 'localhost'
10-Nov-2022 20:25:25.648 INFO [http-nio-8089-exec-6] org.apache.catalina.core.ApplicationContext.log Manager: list: Listing contexts for virtual host 'localhost'
10-Nov-2022 20:27:37.545 INFO [http-nio-8089-exec-6] org.apache.catalina.core.ApplicationContext.log Manager: list: Listing contexts for virtual host 'localhost'
10-Nov-2022 20:27:37.555 INFO [http-nio-8089-exec-9] org.apache.catalina.core.ApplicationContext.log Manager: list: Listing contexts for virtual host 'localhost'
10-Nov-2022 20:37:07.536 INFO [http-nio-8089-exec-6] org.apache.catalina.core.ApplicationContext.log Manager: list: Listing contexts for virtual host 'localhost'
10-Nov-2022 20:37:07.548 INFO [http-nio-8089-exec-10] org.apache.catalina.core.ApplicationContext.log Manager: list: Listing contexts for virtual host 'localhost'
10-Nov-2022 21:08:43.692 INFO [http-nio-8089-exec-5] org.apache.catalina.core.ApplicationContext.log Manager: list: Listing contexts for virtual host 'localhost'
10-Nov-2022 21:08:43.701 INFO [http-nio-8089-exec-5] org.apache.catalina.core.ApplicationContext.log Manager: list: Listing contexts for virtual host 'localhost'
10-Nov-2022 21:08:58.848 INFO [http-nio-8089-exec-5] org.apache.catalina.core.ApplicationContext.log Manager: list: Listing contexts for virtual host 'localhost'
10-Nov-2022 21:08:58.858 INFO [http-nio-8089-exec-3] org.apache.catalina.core.ApplicationContext.log Manager: undeploy: Undeploying web application at '/VentasPc'
10-Nov-2022 21:08:59.419 INFO [http-nio-8089-exec-5] org.apache.catalina.core.ApplicationContext.log Manager: install: Installing context configuration at 'file:/C:/Users/Diego/AppData/Local/Temp/context3232670252793396239.xml'
10-Nov-2022 21:09:00.078 INFO [http-nio-8089-exec-2] org.apache.catalina.core.ApplicationContext.log Manager: start: Starting web application '/VentasPc'
10-Nov-2022 21:09:20.193 INFO [http-nio-8089-exec-10] org.apache.catalina.core.ApplicationContext.log Manager: list: Listing contexts for virtual host 'localhost'
10-Nov-2022 21:09:22.104 INFO [http-nio-8089-exec-8] org.apache.catalina.core.ApplicationContext.log Manager: list: Listing contexts for virtual host 'localhost'
10-Nov-2022 21:09:22.110 INFO [http-nio-8089-exec-6] org.apache.catalina.core.ApplicationContext.log Manager: list: Listing contexts for virtual host 'localhost'
10-Nov-2022 21:09:22.121 INFO [http-nio-8089-exec-10] org.apache.catalina.core.ApplicationContext.log Manager: undeploy: Undeploying web application at '/VentasPc'
10-Nov-2022 21:09:22.672 INFO [http-nio-8089-exec-8] org.apache.catalina.core.ApplicationContext.log Manager: install: Installing context configuration at 'file:/C:/Users/Diego/AppData/Local/Temp/context4206765152729414897.xml'
10-Nov-2022 21:09:23.195 INFO [http-nio-8089-exec-9] org.apache.catalina.core.ApplicationContext.log Manager: start: Starting web application '/VentasPc'
10-Nov-2022 21:10:14.084 INFO [http-nio-8089-exec-20] org.apache.catalina.core.ApplicationContext.log Manager: list: Listing contexts for virtual host 'localhost'
10-Nov-2022 21:10:14.088 INFO [http-nio-8089-exec-2] org.apache.catalina.core.ApplicationContext.log Manager: list: Listing contexts for virtual host 'localhost'
10-Nov-2022 21:10:14.101 INFO [http-nio-8089-exec-17] org.apache.catalina.core.ApplicationContext.log Manager: undeploy: Undeploying web application at '/VentasPc'
10-Nov-2022 21:10:14.647 INFO [http-nio-8089-exec-16] org.apache.catalina.core.ApplicationContext.log Manager: install: Installing context configuration at 'file:/C:/Users/Diego/AppData/Local/Temp/context13972428859261671259.xml'
10-Nov-2022 21:10:15.115 INFO [http-nio-8089-exec-2] org.apache.catalina.core.ApplicationContext.log Manager: start: Starting web application '/VentasPc'
10-Nov-2022 21:12:17.242 INFO [http-nio-8089-exec-17] org.apache.catalina.core.ApplicationContext.log Manager: list: Listing contexts for virtual host 'localhost'
10-Nov-2022 21:12:18.212 INFO [http-nio-8089-exec-17] org.apache.catalina.core.ApplicationContext.log Manager: list: Listing contexts for virtual host 'localhost'
10-Nov-2022 21:12:18.218 INFO [http-nio-8089-exec-24] org.apache.catalina.core.ApplicationContext.log Manager: restart: Reloading web application '/VentasPc'
10-Nov-2022 21:13:13.427 INFO [http-nio-8089-exec-23] org.apache.catalina.core.ApplicationContext.log Manager: list: Listing contexts for virtual host 'localhost'
10-Nov-2022 21:13:13.432 INFO [http-nio-8089-exec-17] org.apache.catalina.core.ApplicationContext.log Manager: restart: Reloading web application '/VentasPc'
10-Nov-2022 21:13:14.630 INFO [http-nio-8089-exec-27] org.apache.catalina.core.ApplicationContext.log Manager: list: Listing contexts for virtual host 'localhost'
10-Nov-2022 21:13:14.639 INFO [http-nio-8089-exec-25] org.apache.catalina.core.ApplicationContext.log Manager: restart: Reloading web application '/VentasPc'
10-Nov-2022 21:13:37.618 INFO [http-nio-8089-exec-22] org.apache.catalina.core.ApplicationContext.log Manager: list: Listing contexts for virtual host 'localhost'
10-Nov-2022 21:13:37.628 INFO [http-nio-8089-exec-30] org.apache.catalina.core.ApplicationContext.log Manager: list: Listing contexts for virtual host 'localhost'
10-Nov-2022 21:13:37.642 INFO [http-nio-8089-exec-25] org.apache.catalina.core.ApplicationContext.log Manager: undeploy: Undeploying web application at '/VentasPc'
10-Nov-2022 21:13:38.163 INFO [http-nio-8089-exec-31] org.apache.catalina.core.ApplicationContext.log Manager: install: Installing context configuration at 'file:/C:/Users/Diego/AppData/Local/Temp/context5720885925332446980.xml'
10-Nov-2022 21:13:38.607 INFO [http-nio-8089-exec-27] org.apache.catalina.core.ApplicationContext.log Manager: start: Starting web application '/VentasPc'
10-Nov-2022 21:13:46.596 INFO [http-nio-8089-exec-25] org.apache.catalina.core.ApplicationContext.log Manager: list: Listing contexts for virtual host 'localhost'
10-Nov-2022 21:13:46.622 INFO [http-nio-8089-exec-23] org.apache.catalina.core.ApplicationContext.log Manager: list: Listing contexts for virtual host 'localhost'
10-Nov-2022 21:13:46.635 INFO [http-nio-8089-exec-21] org.apache.catalina.core.ApplicationContext.log Manager: undeploy: Undeploying web application at '/VentasPc'
10-Nov-2022 21:13:47.163 INFO [http-nio-8089-exec-31] org.apache.catalina.core.ApplicationContext.log Manager: install: Installing context configuration at 'file:/C:/Users/Diego/AppData/Local/Temp/context2081665835444348427.xml'
10-Nov-2022 21:13:47.586 INFO [http-nio-8089-exec-27] org.apache.catalina.core.ApplicationContext.log Manager: start: Starting web application '/VentasPc'
10-Nov-2022 21:14:25.255 INFO [http-nio-8089-exec-36] org.apache.catalina.core.ApplicationContext.log Manager: list: Listing contexts for virtual host 'localhost'
10-Nov-2022 21:14:25.257 INFO [http-nio-8089-exec-29] org.apache.catalina.core.ApplicationContext.log Manager: list: Listing contexts for virtual host 'localhost'
10-Nov-2022 21:14:58.273 INFO [http-nio-8089-exec-40] org.apache.catalina.core.ApplicationContext.log Manager: list: Listing contexts for virtual host 'localhost'
10-Nov-2022 21:14:58.277 INFO [http-nio-8089-exec-31] org.apache.catalina.core.ApplicationContext.log Manager: list: Listing contexts for virtual host 'localhost'
10-Nov-2022 21:14:58.289 INFO [http-nio-8089-exec-29] org.apache.catalina.core.ApplicationContext.log Manager: undeploy: Undeploying web application at '/VentasPc'
10-Nov-2022 21:14:58.814 INFO [http-nio-8089-exec-39] org.apache.catalina.core.ApplicationContext.log Manager: install: Installing context configuration at 'file:/C:/Users/Diego/AppData/Local/Temp/context17022475589035133362.xml'
10-Nov-2022 21:14:59.234 INFO [http-nio-8089-exec-31] org.apache.catalina.core.ApplicationContext.log Manager: start: Starting web application '/VentasPc'
10-Nov-2022 21:16:16.136 INFO [http-nio-8089-exec-41] org.apache.catalina.core.ApplicationContext.log Manager: list: Listing contexts for virtual host 'localhost'
10-Nov-2022 21:16:44.674 INFO [http-nio-8089-exec-45] org.apache.catalina.core.ApplicationContext.log Manager: list: Listing contexts for virtual host 'localhost'
10-Nov-2022 21:17:15.863 INFO [http-nio-8089-exec-41] org.apache.catalina.core.ApplicationContext.log Manager: list: Listing contexts for virtual host 'localhost'
10-Nov-2022 21:17:16.193 INFO [http-nio-8089-exec-49] org.apache.catalina.core.ApplicationContext.log Manager: list: Listing contexts for virtual host 'localhost'
10-Nov-2022 21:17:34.929 INFO [http-nio-8089-exec-29] org.apache.catalina.core.ApplicationContext.log Manager: list: Listing contexts for virtual host 'localhost'
10-Nov-2022 21:17:46.353 INFO [http-nio-8089-exec-48] org.apache.catalina.core.ApplicationContext.log Manager: list: Listing contexts for virtual host 'localhost'
10-Nov-2022 21:18:29.018 INFO [http-nio-8089-exec-42] org.apache.catalina.core.ApplicationContext.log Manager: list: Listing contexts for virtual host 'localhost'
10-Nov-2022 21:18:36.849 INFO [http-nio-8089-exec-43] org.apache.catalina.core.ApplicationContext.log Manager: list: Listing contexts for virtual host 'localhost'
10-Nov-2022 21:18:36.899 INFO [http-nio-8089-exec-46] org.apache.catalina.core.ApplicationContext.log Manager: list: Listing contexts for virtual host 'localhost'
10-Nov-2022 21:18:46.733 INFO [http-nio-8089-exec-42] org.apache.catalina.core.ApplicationContext.log Manager: list: Listing contexts for virtual host 'localhost'
10-Nov-2022 21:20:32.436 INFO [http-nio-8089-exec-48] org.apache.catalina.core.ApplicationContext.log Manager: list: Listing contexts for virtual host 'localhost'
10-Nov-2022 21:20:32.440 INFO [http-nio-8089-exec-42] org.apache.catalina.core.ApplicationContext.log Manager: list: Listing contexts for virtual host 'localhost'
10-Nov-2022 21:20:32.453 INFO [http-nio-8089-exec-45] org.apache.catalina.core.ApplicationContext.log Manager: undeploy: Undeploying web application at '/VentasPc'
10-Nov-2022 21:20:33.017 INFO [http-nio-8089-exec-41] org.apache.catalina.core.ApplicationContext.log Manager: install: Installing context configuration at 'file:/C:/Users/Diego/AppData/Local/Temp/context1576644345686949396.xml'
10-Nov-2022 21:20:33.452 INFO [http-nio-8089-exec-49] org.apache.catalina.core.ApplicationContext.log Manager: start: Starting web application '/VentasPc'
10-Nov-2022 21:33:08.475 INFO [http-nio-8089-exec-52] org.apache.catalina.core.ApplicationContext.log Manager: list: Listing contexts for virtual host 'localhost'
10-Nov-2022 21:33:08.482 INFO [http-nio-8089-exec-53] org.apache.catalina.core.ApplicationContext.log Manager: restart: Reloading web application '/VentasPc'
10-Nov-2022 21:36:06.412 INFO [http-nio-8089-exec-61] org.apache.catalina.core.ApplicationContext.log Manager: list: Listing contexts for virtual host 'localhost'
10-Nov-2022 21:36:06.418 INFO [http-nio-8089-exec-62] org.apache.catalina.core.ApplicationContext.log Manager: restart: Reloading web application '/VentasPc'
10-Nov-2022 21:36:14.633 INFO [http-nio-8089-exec-54] org.apache.catalina.core.ApplicationContext.log Manager: list: Listing contexts for virtual host 'localhost'
10-Nov-2022 21:36:14.711 INFO [http-nio-8089-exec-65] org.apache.catalina.core.ApplicationContext.log Manager: list: Listing contexts for virtual host 'localhost'
10-Nov-2022 21:36:42.098 INFO [http-nio-8089-exec-59] org.apache.catalina.core.ApplicationContext.log Manager: list: Listing contexts for virtual host 'localhost'
10-Nov-2022 21:36:42.103 INFO [http-nio-8089-exec-61] org.apache.catalina.core.ApplicationContext.log Manager: restart: Reloading web application '/VentasPc'
10-Nov-2022 21:37:21.772 INFO [http-nio-8089-exec-62] org.apache.catalina.core.ApplicationContext.log Manager: list: Listing contexts for virtual host 'localhost'
10-Nov-2022 21:37:25.696 INFO [http-nio-8089-exec-67] org.apache.catalina.core.ApplicationContext.log Manager: list: Listing contexts for virtual host 'localhost'
10-Nov-2022 21:37:25.711 INFO [http-nio-8089-exec-59] org.apache.catalina.core.ApplicationContext.log Manager: restart: Reloading web application '/VentasPc'
10-Nov-2022 21:37:25.894 INFO [http-nio-8089-exec-58] org.apache.catalina.core.ApplicationContext.log Manager: list: Listing contexts for virtual host 'localhost'
10-Nov-2022 21:37:25.899 INFO [http-nio-8089-exec-56] org.apache.catalina.core.ApplicationContext.log Manager: list: Listing contexts for virtual host 'localhost'
10-Nov-2022 21:37:26.364 INFO [http-nio-8089-exec-56] org.apache.catalina.core.ApplicationContext.log Manager: undeploy: Undeploying web application at '/VentasPc'
10-Nov-2022 21:37:26.923 INFO [http-nio-8089-exec-59] org.apache.catalina.core.ApplicationContext.log Manager: install: Installing context configuration at 'file:/C:/Users/Diego/AppData/Local/Temp/context16521835500823528633.xml'
10-Nov-2022 21:37:27.334 INFO [http-nio-8089-exec-58] org.apache.catalina.core.ApplicationContext.log Manager: start: Starting web application '/VentasPc'
10-Nov-2022 21:39:04.266 INFO [http-nio-8089-exec-59] org.apache.catalina.core.ApplicationContext.log Manager: list: Listing contexts for virtual host 'localhost'
10-Nov-2022 21:39:04.277 INFO [http-nio-8089-exec-73] org.apache.catalina.core.ApplicationContext.log Manager: list: Listing contexts for virtual host 'localhost'
10-Nov-2022 21:39:04.290 INFO [http-nio-8089-exec-66] org.apache.catalina.core.ApplicationContext.log Manager: undeploy: Undeploying web application at '/VentasPc'
10-Nov-2022 21:39:05.087 INFO [http-nio-8089-exec-59] org.apache.catalina.core.ApplicationContext.log Manager: install: Installing context configuration at 'file:/C:/Users/Diego/AppData/Local/Temp/context2371928236500572485.xml'
10-Nov-2022 21:39:05.526 INFO [http-nio-8089-exec-59] org.apache.catalina.core.ApplicationContext.log Manager: start: Starting web application '/VentasPc'
10-Nov-2022 21:39:25.401 INFO [http-nio-8089-exec-73] org.apache.catalina.core.ApplicationContext.log Manager: list: Listing contexts for virtual host 'localhost'
10-Nov-2022 21:39:31.359 INFO [http-nio-8089-exec-69] org.apache.catalina.core.ApplicationContext.log Manager: list: Listing contexts for virtual host 'localhost'
10-Nov-2022 21:39:31.365 INFO [http-nio-8089-exec-66] org.apache.catalina.core.ApplicationContext.log Manager: list: Listing contexts for virtual host 'localhost'
10-Nov-2022 21:39:31.375 INFO [http-nio-8089-exec-76] org.apache.catalina.core.ApplicationContext.log Manager: undeploy: Undeploying web application at '/VentasPc'
10-Nov-2022 21:39:31.901 INFO [http-nio-8089-exec-78] org.apache.catalina.core.ApplicationContext.log Manager: install: Installing context configuration at 'file:/C:/Users/Diego/AppData/Local/Temp/context15814774172941006116.xml'
10-Nov-2022 21:39:32.322 INFO [http-nio-8089-exec-73] org.apache.catalina.core.ApplicationContext.log Manager: start: Starting web application '/VentasPc'
10-Nov-2022 21:41:29.229 INFO [http-nio-8089-exec-80] org.apache.catalina.core.ApplicationContext.log Manager: list: Listing contexts for virtual host 'localhost'
10-Nov-2022 21:41:52.675 INFO [http-nio-8089-exec-83] org.apache.catalina.core.ApplicationContext.log Manager: list: Listing contexts for virtual host 'localhost'
10-Nov-2022 21:41:52.680 INFO [http-nio-8089-exec-86] org.apache.catalina.core.ApplicationContext.log Manager: restart: Reloading web application '/VentasPc'
10-Nov-2022 21:42:36.768 INFO [http-nio-8089-exec-88] org.apache.catalina.core.ApplicationContext.log Manager: list: Listing contexts for virtual host 'localhost'
10-Nov-2022 21:42:36.796 INFO [http-nio-8089-exec-88] org.apache.catalina.core.ApplicationContext.log Manager: list: Listing contexts for virtual host 'localhost'
10-Nov-2022 21:42:50.065 INFO [http-nio-8089-exec-89] org.apache.catalina.core.ApplicationContext.log Manager: list: Listing contexts for virtual host 'localhost'
10-Nov-2022 21:44:19.760 INFO [http-nio-8089-exec-89] org.apache.catalina.core.ApplicationContext.log Manager: list: Listing contexts for virtual host 'localhost'
10-Nov-2022 21:44:30.196 INFO [http-nio-8089-exec-91] org.apache.catalina.core.ApplicationContext.log Manager: list: Listing contexts for virtual host 'localhost'
10-Nov-2022 21:44:30.201 INFO [http-nio-8089-exec-95] org.apache.catalina.core.ApplicationContext.log Manager: restart: Reloading web application '/VentasPc'
10-Nov-2022 21:44:31.285 INFO [http-nio-8089-exec-94] org.apache.catalina.core.ApplicationContext.log Manager: list: Listing contexts for virtual host 'localhost'
10-Nov-2022 21:44:31.289 INFO [http-nio-8089-exec-90] org.apache.catalina.core.ApplicationContext.log Manager: restart: Reloading web application '/VentasPc'
10-Nov-2022 21:44:41.186 INFO [http-nio-8089-exec-99] org.apache.catalina.core.ApplicationContext.log Manager: list: Listing contexts for virtual host 'localhost'
10-Nov-2022 21:44:41.190 INFO [http-nio-8089-exec-100] org.apache.catalina.core.ApplicationContext.log Manager: restart: Reloading web application '/VentasPc'
10-Nov-2022 21:45:00.349 INFO [http-nio-8089-exec-99] org.apache.catalina.core.ApplicationContext.log Manager: list: Listing contexts for virtual host 'localhost'
10-Nov-2022 21:47:15.926 INFO [http-nio-8089-exec-101] org.apache.catalina.core.ApplicationContext.log Manager: list: Listing contexts for virtual host 'localhost'
10-Nov-2022 21:47:15.986 INFO [http-nio-8089-exec-101] org.apache.catalina.core.ApplicationContext.log Manager: list: Listing contexts for virtual host 'localhost'
10-Nov-2022 21:47:36.887 INFO [http-nio-8089-exec-105] org.apache.catalina.core.ApplicationContext.log Manager: list: Listing contexts for virtual host 'localhost'
10-Nov-2022 21:47:36.894 INFO [http-nio-8089-exec-108] org.apache.catalina.core.ApplicationContext.log Manager: stop: Stopping web application '/VentasPc'
10-Nov-2022 21:47:36.909 INFO [http-nio-8089-exec-101] org.apache.catalina.core.ApplicationContext.log Manager: start: Starting web application '/VentasPc'
10-Nov-2022 21:47:38.308 INFO [http-nio-8089-exec-102] org.apache.catalina.core.ApplicationContext.log Manager: list: Listing contexts for virtual host 'localhost'
10-Nov-2022 21:47:38.313 INFO [http-nio-8089-exec-112] org.apache.catalina.core.ApplicationContext.log Manager: stop: Stopping web application '/VentasPc'
10-Nov-2022 21:47:38.321 INFO [http-nio-8089-exec-102] org.apache.catalina.core.ApplicationContext.log Manager: start: Starting web application '/VentasPc'
10-Nov-2022 21:47:39.191 INFO [http-nio-8089-exec-103] org.apache.catalina.core.ApplicationContext.log Manager: list: Listing contexts for virtual host 'localhost'
10-Nov-2022 21:47:39.201 INFO [http-nio-8089-exec-107] org.apache.catalina.core.ApplicationContext.log Manager: restart: Reloading web application '/VentasPc'
10-Nov-2022 21:47:55.116 INFO [http-nio-8089-exec-112] org.apache.catalina.core.ApplicationContext.log Manager: list: Listing contexts for virtual host 'localhost'
10-Nov-2022 21:47:55.121 INFO [http-nio-8089-exec-114] org.apache.catalina.core.ApplicationContext.log Manager: restart: Reloading web application '/VentasPc'
10-Nov-2022 21:47:58.691 INFO [http-nio-8089-exec-113] org.apache.catalina.core.ApplicationContext.log Manager: list: Listing contexts for virtual host 'localhost'
10-Nov-2022 21:47:58.694 INFO [http-nio-8089-exec-114] org.apache.catalina.core.ApplicationContext.log Manager: list: Listing contexts for virtual host 'localhost'
10-Nov-2022 21:47:58.702 INFO [http-nio-8089-exec-112] org.apache.catalina.core.ApplicationContext.log Manager: undeploy: Undeploying web application at '/VentasPc'
10-Nov-2022 21:47:59.234 INFO [http-nio-8089-exec-106] org.apache.catalina.core.ApplicationContext.log Manager: install: Installing context configuration at 'file:/C:/Users/Diego/AppData/Local/Temp/context891434031361022261.xml'
10-Nov-2022 21:47:59.658 INFO [http-nio-8089-exec-113] org.apache.catalina.core.ApplicationContext.log Manager: start: Starting web application '/VentasPc'
