06-Nov-2022 22:54:25.767 INFO [http-nio-8089-exec-4] org.apache.catalina.core.ApplicationContext.log Manager: init: Associated with Deployer 'Catalina:type=Deployer,host=localhost'
06-Nov-2022 22:54:25.767 INFO [http-nio-8089-exec-4] org.apache.catalina.core.ApplicationContext.log Manager: init: Global resources are available
06-Nov-2022 22:54:25.797 INFO [http-nio-8089-exec-3] org.apache.catalina.core.ApplicationContext.log Manager: list: Listing contexts for virtual host 'localhost'
06-Nov-2022 22:54:25.817 INFO [http-nio-8089-exec-7] org.apache.catalina.core.ApplicationContext.log Manager: list: Listing contexts for virtual host 'localhost'
06-Nov-2022 22:54:25.827 INFO [http-nio-8089-exec-9] org.apache.catalina.core.ApplicationContext.log Manager: install: Installing context configuration at 'file:/C:/Users/Diego/AppData/Local/Temp/context15195929625252232753.xml'
06-Nov-2022 22:54:25.931 INFO [http-nio-8089-exec-8] org.apache.catalina.core.ApplicationContext.log Manager: start: Starting web application '/PracticaWeb'
06-Nov-2022 22:54:42.141 INFO [http-nio-8089-exec-2] org.apache.catalina.core.ApplicationContext.log Manager: list: Listing contexts for virtual host 'localhost'
06-Nov-2022 22:54:42.149 INFO [http-nio-8089-exec-5] org.apache.catalina.core.ApplicationContext.log Manager: list: Listing contexts for virtual host 'localhost'
06-Nov-2022 22:55:01.789 INFO [http-nio-8089-exec-9] org.apache.catalina.core.ApplicationContext.log Manager: list: Listing contexts for virtual host 'localhost'
06-Nov-2022 22:55:01.798 INFO [http-nio-8089-exec-1] org.apache.catalina.core.ApplicationContext.log Manager: list: Listing contexts for virtual host 'localhost'
06-Nov-2022 22:55:23.724 INFO [http-nio-8089-exec-7] org.apache.catalina.core.ApplicationContext.log Manager: list: Listing contexts for virtual host 'localhost'
06-Nov-2022 22:55:23.728 INFO [http-nio-8089-exec-6] org.apache.catalina.core.ApplicationContext.log Manager: list: Listing contexts for virtual host 'localhost'
06-Nov-2022 22:55:34.021 INFO [http-nio-8089-exec-1] org.apache.catalina.core.ApplicationContext.log Manager: list: Listing contexts for virtual host 'localhost'
06-Nov-2022 23:11:19.850 INFO [http-nio-8089-exec-4] org.apache.catalina.core.ApplicationContext.log Manager: list: Listing contexts for virtual host 'localhost'
06-Nov-2022 23:12:13.168 INFO [http-nio-8089-exec-3] org.apache.catalina.core.ApplicationContext.log Manager: list: Listing contexts for virtual host 'localhost'
06-Nov-2022 23:13:47.274 INFO [http-nio-8089-exec-6] org.apache.catalina.core.ApplicationContext.log Manager: list: Listing contexts for virtual host 'localhost'
06-Nov-2022 23:14:13.772 INFO [http-nio-8089-exec-8] org.apache.catalina.core.ApplicationContext.log Manager: list: Listing contexts for virtual host 'localhost'
06-Nov-2022 23:14:13.894 INFO [http-nio-8089-exec-8] org.apache.catalina.core.ApplicationContext.log Manager: list: Listing contexts for virtual host 'localhost'
06-Nov-2022 23:17:30.129 INFO [http-nio-8089-exec-1] org.apache.catalina.core.ApplicationContext.log Manager: list: Listing contexts for virtual host 'localhost'
06-Nov-2022 23:18:30.309 INFO [http-nio-8089-exec-4] org.apache.catalina.core.ApplicationContext.log Manager: list: Listing contexts for virtual host 'localhost'
06-Nov-2022 23:21:16.809 INFO [http-nio-8089-exec-5] org.apache.catalina.core.ApplicationContext.log Manager: list: Listing contexts for virtual host 'localhost'
06-Nov-2022 23:27:20.821 INFO [http-nio-8089-exec-6] org.apache.catalina.core.ApplicationContext.log Manager: list: Listing contexts for virtual host 'localhost'
